{
  "stats": {
    "suites": 1,
    "tests": 1,
    "passes": 1,
    "pending": 0,
    "failures": 0,
    "start": "2023-12-06T14:14:56.725Z",
    "end": "2023-12-06T14:15:02.333Z",
    "duration": 5608,
    "testsRegistered": 1,
    "passPercent": 100,
    "pendingPercent": 0,
    "other": 0,
    "hasOther": false,
    "skipped": 0,
    "hasSkipped": false
  },
  "results": [
    {
      "uuid": "ff9247f9-0432-4469-8a8b-0fa39d093995",
      "title": "",
      "fullFile": "cypress\\integration\\TestCases\\TC01_FirstScript.spec.cy.js",
      "file": "cypress\\integration\\TestCases\\TC01_FirstScript.spec.cy.js",
      "beforeHooks": [],
      "afterHooks": [],
      "tests": [],
      "suites": [
        {
          "uuid": "826c523e-1a13-40e3-a9d4-55bf1b9c9793",
          "title": "Login Functionality",
          "fullFile": "",
          "file": "",
          "beforeHooks": [],
          "afterHooks": [],
          "tests": [
            {
              "title": "Login test using COnduit",
              "fullTitle": "Login Functionality Login test using COnduit",
              "timedOut": null,
              "duration": 5565,
              "state": "passed",
              "speed": "medium",
              "pass": true,
              "fail": false,
              "pending": false,
              "context": null,
              "code": "cy.visit('/');\ncy.get('a[href=\"#login\"]').click();\ncy.get('input[placeholder=\"Email\"]').type('cypressdemo@gmail.com');\ncy.get('input[placeholder=\"Password\"]').type('cypressdemo');\ncy.get('form').submit(); // or button[type='submit']\ncy.get('a[href=\"#settings\"]').click();\ncy.get('button').contains('Or click here to logout.').click();",
              "err": {},
              "uuid": "1fc59c2d-03a4-4176-b243-f4980359de2a",
              "parentUUID": "826c523e-1a13-40e3-a9d4-55bf1b9c9793",
              "isHook": false,
              "skipped": false
            }
          ],
          "suites": [],
          "passes": [
            "1fc59c2d-03a4-4176-b243-f4980359de2a"
          ],
          "failures": [],
          "pending": [],
          "skipped": [],
          "duration": 5565,
          "root": false,
          "rootEmpty": false,
          "_timeout": 2000
        }
      ],
      "passes": [],
      "failures": [],
      "pending": [],
      "skipped": [],
      "duration": 0,
      "root": true,
      "rootEmpty": true,
      "_timeout": 2000
    }
  ],
  "meta": {
    "mocha": {
      "version": "7.0.1"
    },
    "mochawesome": {
      "options": {
        "quiet": true,
        "reportFilename": "mochawesome",
        "saveHtml": false,
        "saveJson": true,
        "consoleReporter": "spec",
        "useInlineDiffs": false,
        "code": true
      },
      "version": "7.1.3"
    },
    "marge": {
      "options": {
        "id": "default",
        "reportDir": "cypress/reports/mocha",
        "quiet": true,
        "overwrite": false,
        "html": false,
        "json": true
      },
      "version": "6.2.0"
    }
  }
}