{
  "stats": {
    "suites": 1,
    "tests": 1,
    "passes": 1,
    "pending": 0,
    "failures": 0,
    "start": "2023-12-06T13:18:35.300Z",
    "end": "2023-12-06T13:18:37.860Z",
    "duration": 2560,
    "testsRegistered": 1,
    "passPercent": 100,
    "pendingPercent": 0,
    "other": 0,
    "hasOther": false,
    "skipped": 0,
    "hasSkipped": false
  },
  "results": [
    {
      "uuid": "ab022912-2cea-40fd-95b8-f1ae49372c77",
      "title": "",
      "fullFile": "cypress\\integration\\TestCases\\TC06_WebTables.spec.cy.js",
      "file": "cypress\\integration\\TestCases\\TC06_WebTables.spec.cy.js",
      "beforeHooks": [],
      "afterHooks": [],
      "tests": [],
      "suites": [
        {
          "uuid": "9f7a28f6-a71e-452d-8b38-c7f74cb61554",
          "title": "Advanced UI Elements",
          "fullFile": "",
          "file": "",
          "beforeHooks": [],
          "afterHooks": [],
          "tests": [
            {
              "title": "Web Tables",
              "fullTitle": "Advanced UI Elements Web Tables",
              "timedOut": null,
              "duration": 967,
              "state": "passed",
              "speed": "fast",
              "pass": true,
              "fail": false,
              "pending": false,
              "context": null,
              "code": "cy.visit('https://the-internet.herokuapp.com/tables');\n// 1 - Check value present anywhere in the table\ncy.get('#table1').contains('td', 'http://www.jdoe.com').should('be.visible');\n// 2 - Check value based on specific row and column\ncy.get(`#table1>tbody>tr:nth-child(${row})>td:nth-child(${col})`).contains('td', 'jsmith@gmail.com').should('be.visible');\n// 3 - Check value based on a condition\ncy.get('#table1>tbody>tr>td:nth-child(2)').each(($ele, index, $list) => {\n  const fname = $ele.text();\n  if (fname.includes('Frank')) {\n    cy.get('#table1>tbody>tr>td:nth-child(4)').eq(index).then(function ($due) {\n      const dueAmount = $due.text();\n      expect(dueAmount).to.equal('$51.00');\n    });\n  }\n});",
              "err": {},
              "uuid": "651e5f5c-bee0-45a0-bc34-f1e7ad8beb66",
              "parentUUID": "9f7a28f6-a71e-452d-8b38-c7f74cb61554",
              "isHook": false,
              "skipped": false
            }
          ],
          "suites": [],
          "passes": [
            "651e5f5c-bee0-45a0-bc34-f1e7ad8beb66"
          ],
          "failures": [],
          "pending": [],
          "skipped": [],
          "duration": 967,
          "root": false,
          "rootEmpty": false,
          "_timeout": 2000
        }
      ],
      "passes": [],
      "failures": [],
      "pending": [],
      "skipped": [],
      "duration": 0,
      "root": true,
      "rootEmpty": true,
      "_timeout": 2000
    }
  ],
  "meta": {
    "mocha": {
      "version": "7.0.1"
    },
    "mochawesome": {
      "options": {
        "quiet": true,
        "reportFilename": "mochawesome",
        "saveHtml": false,
        "saveJson": true,
        "consoleReporter": "spec",
        "useInlineDiffs": false,
        "code": true
      },
      "version": "7.1.3"
    },
    "marge": {
      "options": {
        "id": "default",
        "reportDir": "cypress/reports/mocha",
        "quiet": true,
        "overwrite": false,
        "html": false,
        "json": true
      },
      "version": "6.2.0"
    }
  }
}