{
  "stats": {
    "suites": 1,
    "tests": 1,
    "passes": 1,
    "pending": 0,
    "failures": 0,
    "start": "2023-12-06T13:18:39.462Z",
    "end": "2023-12-06T13:18:44.378Z",
    "duration": 4916,
    "testsRegistered": 1,
    "passPercent": 100,
    "pendingPercent": 0,
    "other": 0,
    "hasOther": false,
    "skipped": 0,
    "hasSkipped": false
  },
  "results": [
    {
      "uuid": "bc124194-1e07-4e46-a359-2239e1dff57c",
      "title": "",
      "fullFile": "cypress\\integration\\TestCases\\TC07_Iframes.spec.cy.js",
      "file": "cypress\\integration\\TestCases\\TC07_Iframes.spec.cy.js",
      "beforeHooks": [],
      "afterHooks": [],
      "tests": [],
      "suites": [
        {
          "uuid": "af201b91-f14d-43ef-aec0-a6b6b41e363a",
          "title": "Advanced UI Elements",
          "fullFile": "",
          "file": "",
          "beforeHooks": [],
          "afterHooks": [],
          "tests": [
            {
              "title": "Iframes",
              "fullTitle": "Advanced UI Elements Iframes",
              "timedOut": null,
              "duration": 2702,
              "state": "passed",
              "speed": "fast",
              "pass": true,
              "fail": false,
              "pending": false,
              "context": null,
              "code": "cy.visit('https://the-internet.herokuapp.com/iframe');\ncy.get('#mce_0_ifr').within(function ($iframe) {\n  const frame = $iframe.contents().find('#tinymce');\n  cy.wrap(frame).clear().type('hello');\n});",
              "err": {},
              "uuid": "7a76ab30-e3e7-4e0f-8bb2-4e13d1122dc1",
              "parentUUID": "af201b91-f14d-43ef-aec0-a6b6b41e363a",
              "isHook": false,
              "skipped": false
            }
          ],
          "suites": [],
          "passes": [
            "7a76ab30-e3e7-4e0f-8bb2-4e13d1122dc1"
          ],
          "failures": [],
          "pending": [],
          "skipped": [],
          "duration": 2702,
          "root": false,
          "rootEmpty": false,
          "_timeout": 2000
        }
      ],
      "passes": [],
      "failures": [],
      "pending": [],
      "skipped": [],
      "duration": 0,
      "root": true,
      "rootEmpty": true,
      "_timeout": 2000
    }
  ],
  "meta": {
    "mocha": {
      "version": "7.0.1"
    },
    "mochawesome": {
      "options": {
        "quiet": true,
        "reportFilename": "mochawesome",
        "saveHtml": false,
        "saveJson": true,
        "consoleReporter": "spec",
        "useInlineDiffs": false,
        "code": true
      },
      "version": "7.1.3"
    },
    "marge": {
      "options": {
        "id": "default",
        "reportDir": "cypress/reports/mocha",
        "quiet": true,
        "overwrite": false,
        "html": false,
        "json": true
      },
      "version": "6.2.0"
    }
  }
}