{
  "stats": {
    "suites": 1,
    "tests": 1,
    "passes": 0,
    "pending": 0,
    "failures": 1,
    "start": "2023-12-06T13:17:31.839Z",
    "end": "2023-12-06T13:17:39.812Z",
    "duration": 7973,
    "testsRegistered": 1,
    "passPercent": 0,
    "pendingPercent": 0,
    "other": 0,
    "hasOther": false,
    "skipped": 0,
    "hasSkipped": false
  },
  "results": [
    {
      "uuid": "92995e98-c589-483f-81f0-334ee97a9537",
      "title": "",
      "fullFile": "cypress\\integration\\smoke\\TC01_FirstScript.spec.cy.js",
      "file": "cypress\\integration\\smoke\\TC01_FirstScript.spec.cy.js",
      "beforeHooks": [],
      "afterHooks": [],
      "tests": [],
      "suites": [
        {
          "uuid": "66353469-69e5-4dce-a8ed-a50eb45ce8f8",
          "title": "Login Functionality",
          "fullFile": "",
          "file": "",
          "beforeHooks": [],
          "afterHooks": [],
          "tests": [
            {
              "title": "Login test using COnduit",
              "fullTitle": "Login Functionality Login test using COnduit",
              "timedOut": null,
              "duration": 7926,
              "state": "failed",
              "speed": null,
              "pass": false,
              "fail": true,
              "pending": false,
              "context": "\"assets/TC01_FirstScript.spec.cy.js/Login Functionality -- Login test using COnduit (failed).png\"",
              "code": "cy.visit('/');\ncy.get('a[href=\"#logis\"]').click();\ncy.get('input[placeholder=\"Email\"]').type('cypressdemo@gmail.com');\ncy.get('input[placeholder=\"Password\"]').type('cypressdemo');\ncy.get('form').submit(); // or button[type='submit']\ncy.get('a[href=\"#settings\"]').click();\ncy.get('button').contains('Or click here to logout.').click();",
              "err": {
                "message": "AssertionError: Timed out retrying after 4000ms: Expected to find element: `a[href=\"#logis\"]`, but never found it.",
                "estack": "AssertionError: Timed out retrying after 4000ms: Expected to find element: `a[href=\"#logis\"]`, but never found it.\n    at Context.eval (webpack://cypress-udemy-course/./cypress/integration/smoke/TC01_FirstScript.spec.cy.js:7:15)",
                "diff": null
              },
              "uuid": "edd5aacf-5edc-46d2-b075-69d347f65e67",
              "parentUUID": "66353469-69e5-4dce-a8ed-a50eb45ce8f8",
              "isHook": false,
              "skipped": false
            }
          ],
          "suites": [],
          "passes": [],
          "failures": [
            "edd5aacf-5edc-46d2-b075-69d347f65e67"
          ],
          "pending": [],
          "skipped": [],
          "duration": 7926,
          "root": false,
          "rootEmpty": false,
          "_timeout": 2000
        }
      ],
      "passes": [],
      "failures": [],
      "pending": [],
      "skipped": [],
      "duration": 0,
      "root": true,
      "rootEmpty": true,
      "_timeout": 2000
    }
  ],
  "meta": {
    "mocha": {
      "version": "7.0.1"
    },
    "mochawesome": {
      "options": {
        "quiet": true,
        "reportFilename": "mochawesome",
        "saveHtml": false,
        "saveJson": true,
        "consoleReporter": "spec",
        "useInlineDiffs": false,
        "code": true
      },
      "version": "7.1.3"
    },
    "marge": {
      "options": {
        "id": "default",
        "reportDir": "cypress/reports/mocha",
        "quiet": true,
        "overwrite": false,
        "html": false,
        "json": true
      },
      "version": "6.2.0"
    }
  }
}