{
  "stats": {
    "suites": 1,
    "tests": 1,
    "passes": 1,
    "pending": 0,
    "failures": 0,
    "start": "2023-12-06T13:18:52.285Z",
    "end": "2023-12-06T13:18:56.193Z",
    "duration": 3908,
    "testsRegistered": 1,
    "passPercent": 100,
    "pendingPercent": 0,
    "other": 0,
    "hasOther": false,
    "skipped": 0,
    "hasSkipped": false
  },
  "results": [
    {
      "uuid": "2efeb52e-be6e-40e1-ab0d-88ca54060b23",
      "title": "",
      "fullFile": "cypress\\integration\\TestCases\\TC09_BrowserControls.spec.cy.js",
      "file": "cypress\\integration\\TestCases\\TC09_BrowserControls.spec.cy.js",
      "beforeHooks": [],
      "afterHooks": [],
      "tests": [],
      "suites": [
        {
          "uuid": "8dc29d09-f60c-4a94-8bb0-c4068abf8847",
          "title": "Advanced UI Elements",
          "fullFile": "",
          "file": "",
          "beforeHooks": [],
          "afterHooks": [],
          "tests": [
            {
              "title": "Browser Controls",
              "fullTitle": "Advanced UI Elements Browser Controls",
              "timedOut": null,
              "duration": 3880,
              "state": "passed",
              "speed": "fast",
              "pass": true,
              "fail": false,
              "pending": false,
              "context": null,
              "code": "cy.visit('/');\ncy.contains('Sign in').click();\ncy.go('back');\ncy.go('forward');\ncy.go(-1);\ncy.go(1);\ncy.get('input[type=\"email\"]').type('cypress');\ncy.reload();",
              "err": {},
              "uuid": "246f4167-2afe-434f-91ab-a631c7a210bd",
              "parentUUID": "8dc29d09-f60c-4a94-8bb0-c4068abf8847",
              "isHook": false,
              "skipped": false
            }
          ],
          "suites": [],
          "passes": [
            "246f4167-2afe-434f-91ab-a631c7a210bd"
          ],
          "failures": [],
          "pending": [],
          "skipped": [],
          "duration": 3880,
          "root": false,
          "rootEmpty": false,
          "_timeout": 2000
        }
      ],
      "passes": [],
      "failures": [],
      "pending": [],
      "skipped": [],
      "duration": 0,
      "root": true,
      "rootEmpty": true,
      "_timeout": 2000
    }
  ],
  "meta": {
    "mocha": {
      "version": "7.0.1"
    },
    "mochawesome": {
      "options": {
        "quiet": true,
        "reportFilename": "mochawesome",
        "saveHtml": false,
        "saveJson": true,
        "consoleReporter": "spec",
        "useInlineDiffs": false,
        "code": true
      },
      "version": "7.1.3"
    },
    "marge": {
      "options": {
        "id": "default",
        "reportDir": "cypress/reports/mocha",
        "quiet": true,
        "overwrite": false,
        "html": false,
        "json": true
      },
      "version": "6.2.0"
    }
  }
}