{
  "stats": {
    "suites": 1,
    "tests": 2,
    "passes": 2,
    "pending": 0,
    "failures": 0,
    "start": "2023-12-06T13:19:43.189Z",
    "end": "2023-12-06T13:19:50.071Z",
    "duration": 6882,
    "testsRegistered": 2,
    "passPercent": 100,
    "pendingPercent": 0,
    "other": 0,
    "hasOther": false,
    "skipped": 0,
    "hasSkipped": false
  },
  "results": [
    {
      "uuid": "ef6f3f03-8734-4c0c-81b3-9db2a23cf118",
      "title": "",
      "fullFile": "cypress\\integration\\TestCases\\TC15_CustomCommands.spec.cy.js",
      "file": "cypress\\integration\\TestCases\\TC15_CustomCommands.spec.cy.js",
      "beforeHooks": [],
      "afterHooks": [],
      "tests": [],
      "suites": [
        {
          "uuid": "73bb2fcb-d36c-4ba3-82c8-5e0d8255fcbe",
          "title": "Fixtures test",
          "fullFile": "",
          "file": "",
          "beforeHooks": [],
          "afterHooks": [],
          "tests": [
            {
              "title": "Conduit - Valid Credentials",
              "fullTitle": "Fixtures test Conduit - Valid Credentials",
              "timedOut": null,
              "duration": 4924,
              "state": "passed",
              "speed": "fast",
              "pass": true,
              "fail": false,
              "pending": false,
              "context": null,
              "code": "cy.conduitLogin(this.data.email, this.data.password);\ncy.contains('Settings').click();\ncy.contains('Or click here to logout.').click();",
              "err": {},
              "uuid": "56810d0a-b579-4e5c-828e-375843eb0745",
              "parentUUID": "73bb2fcb-d36c-4ba3-82c8-5e0d8255fcbe",
              "isHook": false,
              "skipped": false
            },
            {
              "title": "Conduit - Invalid Credentials",
              "fullTitle": "Fixtures test Conduit - Invalid Credentials",
              "timedOut": null,
              "duration": 1859,
              "state": "passed",
              "speed": "fast",
              "pass": true,
              "fail": false,
              "pending": false,
              "context": null,
              "code": "cy.conduitLogin(this.data.email, this.data.passwordWrong);\ncy.get('.error-messages').should('contain', 'email or password is invalid');",
              "err": {},
              "uuid": "7028ecab-b021-4d32-8eb8-147884d39cad",
              "parentUUID": "73bb2fcb-d36c-4ba3-82c8-5e0d8255fcbe",
              "isHook": false,
              "skipped": false
            }
          ],
          "suites": [],
          "passes": [
            "56810d0a-b579-4e5c-828e-375843eb0745",
            "7028ecab-b021-4d32-8eb8-147884d39cad"
          ],
          "failures": [],
          "pending": [],
          "skipped": [],
          "duration": 6783,
          "root": false,
          "rootEmpty": false,
          "_timeout": 2000
        }
      ],
      "passes": [],
      "failures": [],
      "pending": [],
      "skipped": [],
      "duration": 0,
      "root": true,
      "rootEmpty": true,
      "_timeout": 2000
    }
  ],
  "meta": {
    "mocha": {
      "version": "7.0.1"
    },
    "mochawesome": {
      "options": {
        "quiet": true,
        "reportFilename": "mochawesome",
        "saveHtml": false,
        "saveJson": true,
        "consoleReporter": "spec",
        "useInlineDiffs": false,
        "code": true
      },
      "version": "7.1.3"
    },
    "marge": {
      "options": {
        "id": "default",
        "reportDir": "cypress/reports/mocha",
        "quiet": true,
        "overwrite": false,
        "html": false,
        "json": true
      },
      "version": "6.2.0"
    }
  }
}