{
  "stats": {
    "suites": 1,
    "tests": 3,
    "passes": 2,
    "pending": 0,
    "failures": 1,
    "start": "2023-12-06T13:17:58.411Z",
    "end": "2023-12-06T13:18:26.149Z",
    "duration": 27738,
    "testsRegistered": 3,
    "passPercent": 66.66666666666666,
    "pendingPercent": 0,
    "other": 0,
    "hasOther": false,
    "skipped": 0,
    "hasSkipped": false
  },
  "results": [
    {
      "uuid": "fa945f69-f264-4124-8b3c-c187646fb35c",
      "title": "",
      "fullFile": "cypress\\integration\\TestCases\\TC04_DropDown.spec.cy.js",
      "file": "cypress\\integration\\TestCases\\TC04_DropDown.spec.cy.js",
      "beforeHooks": [],
      "afterHooks": [],
      "tests": [],
      "suites": [
        {
          "uuid": "fd25f149-7812-43ab-8640-4db24de0e283",
          "title": "Dropdown Functionality",
          "fullFile": "",
          "file": "",
          "beforeHooks": [],
          "afterHooks": [],
          "tests": [
            {
              "title": "Handling Static Dropdpwn",
              "fullTitle": "Dropdown Functionality Handling Static Dropdpwn",
              "timedOut": null,
              "duration": 951,
              "state": "passed",
              "speed": "fast",
              "pass": true,
              "fail": false,
              "pending": false,
              "context": null,
              "code": "cy.visit('https://seleniumbase.io/demo_page');\ncy.get('#mySelect').select('Set to 100%').should('have.value', '100%');",
              "err": {},
              "uuid": "e4f37b93-e4e2-48d7-8b84-747b87d0f625",
              "parentUUID": "fd25f149-7812-43ab-8640-4db24de0e283",
              "isHook": false,
              "skipped": false
            },
            {
              "title": "Handling Dynamic Dropdpwn",
              "fullTitle": "Dropdown Functionality Handling Dynamic Dropdpwn",
              "timedOut": null,
              "duration": 13598,
              "state": "failed",
              "speed": null,
              "pass": false,
              "fail": true,
              "pending": false,
              "context": "\"assets/TC04_DropDown.spec.cy.js/Dropdown Functionality -- Handling Dynamic Dropdpwn (failed).png\"",
              "code": "cy.visit('https://demos.telerik.com/aspnet-ajax/dropdownlist/examples/overview/defaultcs.aspx');\ncy.get('#ctl00_ContentPlaceholder1_RadDropDownProducts').click();\ncy.get('.rddlItem').contains('Aniseed Syrup').click();",
              "err": {
                "message": "AssertionError: Timed out retrying after 4000ms: Expected to find content: 'Aniseed Syrup' within the element: <li.rddlItem> but never did.",
                "estack": "AssertionError: Timed out retrying after 4000ms: Expected to find content: 'Aniseed Syrup' within the element: <li.rddlItem> but never did.\n    at Context.eval (webpack://cypress-udemy-course/./cypress/integration/TestCases/TC04_DropDown.spec.cy.js:13:28)",
                "diff": null
              },
              "uuid": "5b63fb25-8f9b-43bb-a3ca-04a7cefe7d5b",
              "parentUUID": "fd25f149-7812-43ab-8640-4db24de0e283",
              "isHook": false,
              "skipped": false
            },
            {
              "title": "Handling Multiple Dropdpwn",
              "fullTitle": "Dropdown Functionality Handling Multiple Dropdpwn",
              "timedOut": null,
              "duration": 4676,
              "state": "passed",
              "speed": "fast",
              "pass": true,
              "fail": false,
              "pending": false,
              "context": null,
              "code": "cy.visit('https://demo.mobiscroll.com/select/multiple-select');\ncy.get('#multiple-select-input').click({\n  force: true\n});\ncy.get('div[class=\"mbsc-scroller-wheel-item mbsc-ios mbsc-ltr mbsc-wheel-item-checkmark mbsc-wheel-item-multi\"]').contains('Electronics & Computers').click();\ncy.get('div[class=\"mbsc-scroller-wheel-item mbsc-ios mbsc-ltr mbsc-wheel-item-checkmark mbsc-wheel-item-multi\"]').contains('Health & Beauty').click();",
              "err": {},
              "uuid": "72f53993-dbaf-4f0b-86ba-3558d27e1845",
              "parentUUID": "fd25f149-7812-43ab-8640-4db24de0e283",
              "isHook": false,
              "skipped": false
            }
          ],
          "suites": [],
          "passes": [
            "e4f37b93-e4e2-48d7-8b84-747b87d0f625",
            "72f53993-dbaf-4f0b-86ba-3558d27e1845"
          ],
          "failures": [
            "5b63fb25-8f9b-43bb-a3ca-04a7cefe7d5b"
          ],
          "pending": [],
          "skipped": [],
          "duration": 19225,
          "root": false,
          "rootEmpty": false,
          "_timeout": 2000
        }
      ],
      "passes": [],
      "failures": [],
      "pending": [],
      "skipped": [],
      "duration": 0,
      "root": true,
      "rootEmpty": true,
      "_timeout": 2000
    }
  ],
  "meta": {
    "mocha": {
      "version": "7.0.1"
    },
    "mochawesome": {
      "options": {
        "quiet": true,
        "reportFilename": "mochawesome",
        "saveHtml": false,
        "saveJson": true,
        "consoleReporter": "spec",
        "useInlineDiffs": false,
        "code": true
      },
      "version": "7.1.3"
    },
    "marge": {
      "options": {
        "id": "default",
        "reportDir": "cypress/reports/mocha",
        "quiet": true,
        "overwrite": false,
        "html": false,
        "json": true
      },
      "version": "6.2.0"
    }
  }
}