{
  "stats": {
    "suites": 1,
    "tests": 3,
    "passes": 3,
    "pending": 0,
    "failures": 0,
    "start": "2023-11-29T08:42:56.073Z",
    "end": "2023-11-29T08:43:11.827Z",
    "duration": 15754,
    "testsRegistered": 3,
    "passPercent": 100,
    "pendingPercent": 0,
    "other": 0,
    "hasOther": false,
    "skipped": 0,
    "hasSkipped": false
  },
  "results": [
    {
      "uuid": "4876fd36-38e8-4dbf-879b-9572fab30cd8",
      "title": "",
      "fullFile": "cypress\\integration\\TestCases\\TC18_Mock.spec.cy.js",
      "file": "cypress\\integration\\TestCases\\TC18_Mock.spec.cy.js",
      "beforeHooks": [],
      "afterHooks": [],
      "tests": [],
      "suites": [
        {
          "uuid": "9b6e9fd8-8e8f-491d-9e70-7bd8eba40182",
          "title": "Mock Testing",
          "fullFile": "",
          "file": "",
          "beforeHooks": [],
          "afterHooks": [],
          "tests": [
            {
              "title": "Tag Mock",
              "fullTitle": "Mock Testing Tag Mock",
              "timedOut": null,
              "duration": 6232,
              "state": "passed",
              "speed": "medium",
              "pass": true,
              "fail": false,
              "pending": false,
              "context": null,
              "code": "cy.intercept('GET', '/api/tags', {\n  fixture: 'Tags.json'\n});\ncy.contains('Your Feed').should('be.visible');\ncy.get('.tag-list').should('contain', 'cypress').and('contain', 'udemy').and('contain', 'course');",
              "err": {},
              "uuid": "ed812788-1a3b-4328-b453-dee5c1c837f4",
              "parentUUID": "9b6e9fd8-8e8f-491d-9e70-7bd8eba40182",
              "isHook": false,
              "skipped": false
            },
            {
              "title": "Article Mock",
              "fullTitle": "Mock Testing Article Mock",
              "timedOut": null,
              "duration": 5564,
              "state": "passed",
              "speed": "medium",
              "pass": true,
              "fail": false,
              "pending": false,
              "context": null,
              "code": "cy.intercept('GET', '/api/articles/*', {\n  fixture: 'Article.json'\n});\ncy.contains('Your Feed').should('be.visible');\ncy.contains('Global Feed').click();\ncy.get('.col-md-9').should('contain', 'Demo Mock Cypress');",
              "err": {},
              "uuid": "29898c2b-1249-4694-b111-8f14311fd967",
              "parentUUID": "9b6e9fd8-8e8f-491d-9e70-7bd8eba40182",
              "isHook": false,
              "skipped": false
            },
            {
              "title": "Login User Mock",
              "fullTitle": "Mock Testing Login User Mock",
              "timedOut": null,
              "duration": 3780,
              "state": "passed",
              "speed": "fast",
              "pass": true,
              "fail": false,
              "pending": false,
              "context": null,
              "code": "cy.intercept('POST', '/api/users/login', {\n  fixture: 'Login.json'\n});\ncy.get('a[href^=\"#@\"]').should('contain', 'Lamri-Laib-Student');",
              "err": {},
              "uuid": "c0a9dbc1-8123-4849-8e14-f579164c99d3",
              "parentUUID": "9b6e9fd8-8e8f-491d-9e70-7bd8eba40182",
              "isHook": false,
              "skipped": false
            }
          ],
          "suites": [],
          "passes": [
            "ed812788-1a3b-4328-b453-dee5c1c837f4",
            "29898c2b-1249-4694-b111-8f14311fd967",
            "c0a9dbc1-8123-4849-8e14-f579164c99d3"
          ],
          "failures": [],
          "pending": [],
          "skipped": [],
          "duration": 15576,
          "root": false,
          "rootEmpty": false,
          "_timeout": 2000
        }
      ],
      "passes": [],
      "failures": [],
      "pending": [],
      "skipped": [],
      "duration": 0,
      "root": true,
      "rootEmpty": true,
      "_timeout": 2000
    }
  ],
  "meta": {
    "mocha": {
      "version": "7.0.1"
    },
    "mochawesome": {
      "options": {
        "quiet": true,
        "reportFilename": "mochawesome",
        "saveHtml": false,
        "saveJson": true,
        "consoleReporter": "spec",
        "useInlineDiffs": false,
        "code": true
      },
      "version": "7.1.3"
    },
    "marge": {
      "options": {
        "id": "default",
        "reportDir": "cypress/reports/mocha",
        "quiet": true,
        "overwrite": false,
        "html": false,
        "json": true
      },
      "version": "6.2.0"
    }
  }
}