{
  "stats": {
    "suites": 1,
    "tests": 1,
    "passes": 1,
    "pending": 0,
    "failures": 0,
    "start": "2023-12-06T13:19:58.435Z",
    "end": "2023-12-06T13:19:58.716Z",
    "duration": 281,
    "testsRegistered": 1,
    "passPercent": 100,
    "pendingPercent": 0,
    "other": 0,
    "hasOther": false,
    "skipped": 0,
    "hasSkipped": false
  },
  "results": [
    {
      "uuid": "4abaaf10-7c51-4f8c-8563-f32d4e320ed0",
      "title": "",
      "fullFile": "cypress\\integration\\TestCases\\TC17_APITesting.spec.cy.js",
      "file": "cypress\\integration\\TestCases\\TC17_APITesting.spec.cy.js",
      "beforeHooks": [],
      "afterHooks": [],
      "tests": [],
      "suites": [
        {
          "uuid": "b154e5d8-0ebc-4d25-8191-1e2901c6b577",
          "title": "API testing",
          "fullFile": "",
          "file": "",
          "beforeHooks": [],
          "afterHooks": [],
          "tests": [
            {
              "title": "DELETE Method",
              "fullTitle": "API testing DELETE Method",
              "timedOut": null,
              "duration": 254,
              "state": "passed",
              "speed": "fast",
              "pass": true,
              "fail": false,
              "pending": false,
              "context": null,
              "code": "cy.request('DELETE', 'https://reqres.in/api/users/2').then(response => {\n  expect(response.status).equal(204);\n});",
              "err": {},
              "uuid": "105de802-535f-45da-9f1f-aee9fc7203f6",
              "parentUUID": "b154e5d8-0ebc-4d25-8191-1e2901c6b577",
              "isHook": false,
              "skipped": false
            }
          ],
          "suites": [],
          "passes": [
            "105de802-535f-45da-9f1f-aee9fc7203f6"
          ],
          "failures": [],
          "pending": [],
          "skipped": [],
          "duration": 254,
          "root": false,
          "rootEmpty": false,
          "_timeout": 2000
        }
      ],
      "passes": [],
      "failures": [],
      "pending": [],
      "skipped": [],
      "duration": 0,
      "root": true,
      "rootEmpty": true,
      "_timeout": 2000
    }
  ],
  "meta": {
    "mocha": {
      "version": "7.0.1"
    },
    "mochawesome": {
      "options": {
        "quiet": true,
        "reportFilename": "mochawesome",
        "saveHtml": false,
        "saveJson": true,
        "consoleReporter": "spec",
        "useInlineDiffs": false,
        "code": true
      },
      "version": "7.1.3"
    },
    "marge": {
      "options": {
        "id": "default",
        "reportDir": "cypress/reports/mocha",
        "quiet": true,
        "overwrite": false,
        "html": false,
        "json": true
      },
      "version": "6.2.0"
    }
  }
}