{
  "stats": {
    "suites": 1,
    "tests": 1,
    "passes": 1,
    "pending": 0,
    "failures": 0,
    "start": "2023-11-29T08:42:09.200Z",
    "end": "2023-11-29T08:42:15.467Z",
    "duration": 6267,
    "testsRegistered": 1,
    "passPercent": 100,
    "pendingPercent": 0,
    "other": 0,
    "hasOther": false,
    "skipped": 0,
    "hasSkipped": false
  },
  "results": [
    {
      "uuid": "99d90ec8-b368-4f7f-9075-602fec140fd1",
      "title": "",
      "fullFile": "cypress\\integration\\TestCases\\TC18_Mock.spec.cy.js",
      "file": "cypress\\integration\\TestCases\\TC18_Mock.spec.cy.js",
      "beforeHooks": [],
      "afterHooks": [],
      "tests": [],
      "suites": [
        {
          "uuid": "9c9dc09f-169d-4bd0-aba3-4c9124b352ea",
          "title": "Mock Testing",
          "fullFile": "",
          "file": "",
          "beforeHooks": [],
          "afterHooks": [],
          "tests": [
            {
              "title": "Tag Mock",
              "fullTitle": "Mock Testing Tag Mock",
              "timedOut": null,
              "duration": 6199,
              "state": "passed",
              "speed": "medium",
              "pass": true,
              "fail": false,
              "pending": false,
              "context": null,
              "code": "cy.intercept('GET', '/api/tags', {\n  fixture: 'Tags.json'\n});\ncy.contains('Your Feed').should('be.visible');\ncy.get('.tag-list').should('contain', 'cypress').and('contain', 'udemy').and('contain', 'course');",
              "err": {},
              "uuid": "7f78cfd0-aef5-46bb-a34b-e4df52f502fb",
              "parentUUID": "9c9dc09f-169d-4bd0-aba3-4c9124b352ea",
              "isHook": false,
              "skipped": false
            }
          ],
          "suites": [],
          "passes": [
            "7f78cfd0-aef5-46bb-a34b-e4df52f502fb"
          ],
          "failures": [],
          "pending": [],
          "skipped": [],
          "duration": 6199,
          "root": false,
          "rootEmpty": false,
          "_timeout": 2000
        }
      ],
      "passes": [],
      "failures": [],
      "pending": [],
      "skipped": [],
      "duration": 0,
      "root": true,
      "rootEmpty": true,
      "_timeout": 2000
    }
  ],
  "meta": {
    "mocha": {
      "version": "7.0.1"
    },
    "mochawesome": {
      "options": {
        "quiet": true,
        "reportFilename": "mochawesome",
        "saveHtml": false,
        "saveJson": true,
        "consoleReporter": "spec",
        "useInlineDiffs": false,
        "code": true
      },
      "version": "7.1.3"
    },
    "marge": {
      "options": {
        "id": "default",
        "reportDir": "cypress/reports/mocha",
        "quiet": true,
        "overwrite": false,
        "html": false,
        "json": true
      },
      "version": "6.2.0"
    }
  }
}