{
  "stats": {
    "suites": 1,
    "tests": 2,
    "passes": 2,
    "pending": 0,
    "failures": 0,
    "start": "2023-12-06T13:19:18.746Z",
    "end": "2023-12-06T13:19:25.339Z",
    "duration": 6593,
    "testsRegistered": 2,
    "passPercent": 100,
    "pendingPercent": 0,
    "other": 0,
    "hasOther": false,
    "skipped": 0,
    "hasSkipped": false
  },
  "results": [
    {
      "uuid": "8df0dd78-b2f0-4593-ba80-96e951a87070",
      "title": "",
      "fullFile": "cypress\\integration\\TestCases\\TC12_FixturesTest.spec.cy.js",
      "file": "cypress\\integration\\TestCases\\TC12_FixturesTest.spec.cy.js",
      "beforeHooks": [],
      "afterHooks": [],
      "tests": [],
      "suites": [
        {
          "uuid": "8edb793e-e7d6-4003-9559-c36fa37682df",
          "title": "Fixtures test",
          "fullFile": "",
          "file": "",
          "beforeHooks": [],
          "afterHooks": [],
          "tests": [
            {
              "title": "Conduit - Valid Credentials",
              "fullTitle": "Fixtures test Conduit - Valid Credentials",
              "timedOut": null,
              "duration": 4896,
              "state": "passed",
              "speed": "fast",
              "pass": true,
              "fail": false,
              "pending": false,
              "context": null,
              "code": "cy.visit('/');\ncy.contains('Sign in').click();\ncy.get('input[type=\"email\"]').type(this.data.email);\ncy.get('input[type=\"password\"]').type(this.data.password);\ncy.get('button[type=\"submit\"]').click();\ncy.contains('Settings').click();\ncy.contains('Or click here to logout.').click();",
              "err": {},
              "uuid": "886aa4eb-41af-46bb-a871-3082665c3f09",
              "parentUUID": "8edb793e-e7d6-4003-9559-c36fa37682df",
              "isHook": false,
              "skipped": false
            },
            {
              "title": "Conduit - Invalid Credentials",
              "fullTitle": "Fixtures test Conduit - Invalid Credentials",
              "timedOut": null,
              "duration": 1624,
              "state": "passed",
              "speed": "fast",
              "pass": true,
              "fail": false,
              "pending": false,
              "context": null,
              "code": "cy.visit('/');\ncy.contains('Sign in').click();\ncy.get('input[type=\"email\"]').type(this.data.email);\ncy.get('input[type=\"password\"]').type(this.data.passwordWrong);\ncy.get('button[type=\"submit\"]').click();\ncy.get('.error-messages').should('contain', 'email or password is invalid');",
              "err": {},
              "uuid": "2e0c444b-05f8-48dc-90b1-c6d93e2cfdbf",
              "parentUUID": "8edb793e-e7d6-4003-9559-c36fa37682df",
              "isHook": false,
              "skipped": false
            }
          ],
          "suites": [],
          "passes": [
            "886aa4eb-41af-46bb-a871-3082665c3f09",
            "2e0c444b-05f8-48dc-90b1-c6d93e2cfdbf"
          ],
          "failures": [],
          "pending": [],
          "skipped": [],
          "duration": 6520,
          "root": false,
          "rootEmpty": false,
          "_timeout": 2000
        }
      ],
      "passes": [],
      "failures": [],
      "pending": [],
      "skipped": [],
      "duration": 0,
      "root": true,
      "rootEmpty": true,
      "_timeout": 2000
    }
  ],
  "meta": {
    "mocha": {
      "version": "7.0.1"
    },
    "mochawesome": {
      "options": {
        "quiet": true,
        "reportFilename": "mochawesome",
        "saveHtml": false,
        "saveJson": true,
        "consoleReporter": "spec",
        "useInlineDiffs": false,
        "code": true
      },
      "version": "7.1.3"
    },
    "marge": {
      "options": {
        "id": "default",
        "reportDir": "cypress/reports/mocha",
        "quiet": true,
        "overwrite": false,
        "html": false,
        "json": true
      },
      "version": "6.2.0"
    }
  }
}