{
  "stats": {
    "suites": 1,
    "tests": 1,
    "passes": 1,
    "pending": 0,
    "failures": 0,
    "start": "2023-12-06T13:19:51.782Z",
    "end": "2023-12-06T13:19:56.811Z",
    "duration": 5029,
    "testsRegistered": 1,
    "passPercent": 100,
    "pendingPercent": 0,
    "other": 0,
    "hasOther": false,
    "skipped": 0,
    "hasSkipped": false
  },
  "results": [
    {
      "uuid": "8d61272f-ee1a-43ec-8b5d-955c4b735928",
      "title": "",
      "fullFile": "cypress\\integration\\TestCases\\TC16_POM.spec.cy.js",
      "file": "cypress\\integration\\TestCases\\TC16_POM.spec.cy.js",
      "beforeHooks": [],
      "afterHooks": [],
      "tests": [],
      "suites": [
        {
          "uuid": "ea197a47-da59-4617-bd97-b15fb510d68f",
          "title": "POM Test",
          "fullFile": "",
          "file": "",
          "beforeHooks": [],
          "afterHooks": [],
          "tests": [
            {
              "title": "Conduit Login using POM",
              "fullTitle": "POM Test Conduit Login using POM",
              "timedOut": null,
              "duration": 4991,
              "state": "passed",
              "speed": "fast",
              "pass": true,
              "fail": false,
              "pending": false,
              "context": null,
              "code": "cy.visit('/');\nlandingPage.clickSigninButton();\nloginPage.enterEmail(this.data.email);\nloginPage.enterPassword(this.data.password);\nloginPage.clickSigninButton();\nhomePage.checkYourFeedIsVisible();\nhomePage.clickSettingsButton();\nsettingsPage.clickLogoutButton();",
              "err": {},
              "uuid": "13c3f804-452d-4a7c-839e-0020f994d6cf",
              "parentUUID": "ea197a47-da59-4617-bd97-b15fb510d68f",
              "isHook": false,
              "skipped": false
            }
          ],
          "suites": [],
          "passes": [
            "13c3f804-452d-4a7c-839e-0020f994d6cf"
          ],
          "failures": [],
          "pending": [],
          "skipped": [],
          "duration": 4991,
          "root": false,
          "rootEmpty": false,
          "_timeout": 2000
        }
      ],
      "passes": [],
      "failures": [],
      "pending": [],
      "skipped": [],
      "duration": 0,
      "root": true,
      "rootEmpty": true,
      "_timeout": 2000
    }
  ],
  "meta": {
    "mocha": {
      "version": "7.0.1"
    },
    "mochawesome": {
      "options": {
        "quiet": true,
        "reportFilename": "mochawesome",
        "saveHtml": false,
        "saveJson": true,
        "consoleReporter": "spec",
        "useInlineDiffs": false,
        "code": true
      },
      "version": "7.1.3"
    },
    "marge": {
      "options": {
        "id": "default",
        "reportDir": "cypress/reports/mocha",
        "quiet": true,
        "overwrite": false,
        "html": false,
        "json": true
      },
      "version": "6.2.0"
    }
  }
}