{
  "stats": {
    "suites": 1,
    "tests": 2,
    "passes": 2,
    "pending": 0,
    "failures": 0,
    "start": "2023-12-06T13:19:00.342Z",
    "end": "2023-12-06T13:19:17.102Z",
    "duration": 16760,
    "testsRegistered": 2,
    "passPercent": 100,
    "pendingPercent": 0,
    "other": 0,
    "hasOther": false,
    "skipped": 0,
    "hasSkipped": false
  },
  "results": [
    {
      "uuid": "b5b7ec81-ee43-407c-98dd-474bc010f044",
      "title": "",
      "fullFile": "cypress\\integration\\TestCases\\TC11_HooksConduit.spec.cy.js",
      "file": "cypress\\integration\\TestCases\\TC11_HooksConduit.spec.cy.js",
      "beforeHooks": [],
      "afterHooks": [],
      "tests": [],
      "suites": [
        {
          "uuid": "f08ac79e-afc9-4bfa-bbb7-f066e0558ae9",
          "title": "Hooks Conduit",
          "fullFile": "",
          "file": "",
          "beforeHooks": [],
          "afterHooks": [],
          "tests": [
            {
              "title": "Create new post",
              "fullTitle": "Hooks Conduit Create new post",
              "timedOut": null,
              "duration": 8470,
              "state": "passed",
              "speed": "medium",
              "pass": true,
              "fail": false,
              "pending": false,
              "context": null,
              "code": "cy.contains('New Post').click();\ncy.get('input[placeholder=\"Article Title\"]').type('Demo Post LLB');\ncy.get('input[placeholder=\"What\\'s this article about?\"]').type('Demo Post for testing');\ncy.get('textarea[placeholder=\"Write your article (in markdown)\"]').type('This is a Demo post for testing');\ncy.get('input[placeholder=\"Enter tags\"]').type('Demo');\ncy.get('button[type=\"button\"]').click();\ncy.wait(2000);",
              "err": {},
              "uuid": "a5f6eaad-ef7d-4827-80d7-dd4ea6c9d1e3",
              "parentUUID": "f08ac79e-afc9-4bfa-bbb7-f066e0558ae9",
              "isHook": false,
              "skipped": false
            },
            {
              "title": "Verify newly created post",
              "fullTitle": "Hooks Conduit Verify newly created post",
              "timedOut": null,
              "duration": 7764,
              "state": "passed",
              "speed": "medium",
              "pass": true,
              "fail": false,
              "pending": false,
              "context": null,
              "code": "cy.contains('Global Feed').click();\ncy.get('.article-preview:nth-child(1)').should('contain', 'Demo Post LLB');\ncy.get('.article-preview:nth-child(1)').should('contain', 'Demo Post LLB').click();\ncy.get('button').contains('Delete Article').click();",
              "err": {},
              "uuid": "ae9993e4-fb78-43c7-881a-5a57d6160f8d",
              "parentUUID": "f08ac79e-afc9-4bfa-bbb7-f066e0558ae9",
              "isHook": false,
              "skipped": false
            }
          ],
          "suites": [],
          "passes": [
            "a5f6eaad-ef7d-4827-80d7-dd4ea6c9d1e3",
            "ae9993e4-fb78-43c7-881a-5a57d6160f8d"
          ],
          "failures": [],
          "pending": [],
          "skipped": [],
          "duration": 16234,
          "root": false,
          "rootEmpty": false,
          "_timeout": 2000
        }
      ],
      "passes": [],
      "failures": [],
      "pending": [],
      "skipped": [],
      "duration": 0,
      "root": true,
      "rootEmpty": true,
      "_timeout": 2000
    }
  ],
  "meta": {
    "mocha": {
      "version": "7.0.1"
    },
    "mochawesome": {
      "options": {
        "quiet": true,
        "reportFilename": "mochawesome",
        "saveHtml": false,
        "saveJson": true,
        "consoleReporter": "spec",
        "useInlineDiffs": false,
        "code": true
      },
      "version": "7.1.3"
    },
    "marge": {
      "options": {
        "id": "default",
        "reportDir": "cypress/reports/mocha",
        "quiet": true,
        "overwrite": false,
        "html": false,
        "json": true
      },
      "version": "6.2.0"
    }
  }
}