{
  "stats": {
    "suites": 1,
    "tests": 4,
    "passes": 4,
    "pending": 0,
    "failures": 0,
    "start": "2023-12-06T13:18:28.345Z",
    "end": "2023-12-06T13:18:33.670Z",
    "duration": 5325,
    "testsRegistered": 4,
    "passPercent": 100,
    "pendingPercent": 0,
    "other": 0,
    "hasOther": false,
    "skipped": 0,
    "hasSkipped": false
  },
  "results": [
    {
      "uuid": "7402f071-7eec-43e5-bb93-d591a07078db",
      "title": "",
      "fullFile": "cypress\\integration\\TestCases\\TC05_Alerts.spec.cy.js",
      "file": "cypress\\integration\\TestCases\\TC05_Alerts.spec.cy.js",
      "beforeHooks": [],
      "afterHooks": [],
      "tests": [],
      "suites": [
        {
          "uuid": "a8c4df9f-ad28-4b63-876f-faa0b7d71266",
          "title": "Advanced UI Elements",
          "fullFile": "",
          "file": "",
          "beforeHooks": [],
          "afterHooks": [],
          "tests": [
            {
              "title": "Simple alert",
              "fullTitle": "Advanced UI Elements Simple alert",
              "timedOut": null,
              "duration": 1349,
              "state": "passed",
              "speed": "fast",
              "pass": true,
              "fail": false,
              "pending": false,
              "context": null,
              "code": "cy.visit('https://the-internet.herokuapp.com/javascript_alerts');\ncy.contains('Click for JS Alert').click();\ncy.on('window:alert', str => {\n  expect(str).to.equal('I am a JS Alert');\n});\ncy.get('#result').should('contain', 'You successfully clicked an alert');",
              "err": {},
              "uuid": "eb2d6baa-43df-45c1-92e7-9d749df9c0b7",
              "parentUUID": "a8c4df9f-ad28-4b63-876f-faa0b7d71266",
              "isHook": false,
              "skipped": false
            },
            {
              "title": "Confirmation alert - Ok button",
              "fullTitle": "Advanced UI Elements Confirmation alert - Ok button",
              "timedOut": null,
              "duration": 420,
              "state": "passed",
              "speed": "fast",
              "pass": true,
              "fail": false,
              "pending": false,
              "context": null,
              "code": "cy.visit('https://the-internet.herokuapp.com/javascript_alerts');\ncy.contains('Click for JS Confirm').click();\ncy.on('window:confirm', str => {\n  expect(str).to.equal('I am a JS Confirm');\n});\ncy.get('#result').should('contain', 'You clicked: Ok');",
              "err": {},
              "uuid": "a9e9b8e9-86ef-4bab-a2bd-2970972b4c86",
              "parentUUID": "a8c4df9f-ad28-4b63-876f-faa0b7d71266",
              "isHook": false,
              "skipped": false
            },
            {
              "title": "Confirmation alert - Cancel button",
              "fullTitle": "Advanced UI Elements Confirmation alert - Cancel button",
              "timedOut": null,
              "duration": 375,
              "state": "passed",
              "speed": "fast",
              "pass": true,
              "fail": false,
              "pending": false,
              "context": null,
              "code": "cy.visit('https://the-internet.herokuapp.com/javascript_alerts');\ncy.contains('Click for JS Confirm').click();\ncy.on('window:confirm', str => {\n  expect(str).to.equal('I am a JS Confirm');\n  return false;\n});\ncy.get('#result').should('contain', 'You clicked: Cancel');",
              "err": {},
              "uuid": "9c6f1c2d-2445-452d-8cf4-698fe0cec97a",
              "parentUUID": "a8c4df9f-ad28-4b63-876f-faa0b7d71266",
              "isHook": false,
              "skipped": false
            },
            {
              "title": "Prompt Alert",
              "fullTitle": "Advanced UI Elements Prompt Alert",
              "timedOut": null,
              "duration": 348,
              "state": "passed",
              "speed": "fast",
              "pass": true,
              "fail": false,
              "pending": false,
              "context": null,
              "code": "cy.visit('https://the-internet.herokuapp.com/javascript_alerts');\ncy.window().then(function ($win) {\n  cy.stub($win, 'prompt').returns('Hello Alert');\n  cy.contains('Click for JS Prompt').click();\n});\ncy.get('#result').should('contain', 'You entered: Hello Alert');",
              "err": {},
              "uuid": "1095c0c2-c617-4017-aee1-729aa0d1b657",
              "parentUUID": "a8c4df9f-ad28-4b63-876f-faa0b7d71266",
              "isHook": false,
              "skipped": false
            }
          ],
          "suites": [],
          "passes": [
            "eb2d6baa-43df-45c1-92e7-9d749df9c0b7",
            "a9e9b8e9-86ef-4bab-a2bd-2970972b4c86",
            "9c6f1c2d-2445-452d-8cf4-698fe0cec97a",
            "1095c0c2-c617-4017-aee1-729aa0d1b657"
          ],
          "failures": [],
          "pending": [],
          "skipped": [],
          "duration": 2492,
          "root": false,
          "rootEmpty": false,
          "_timeout": 2000
        }
      ],
      "passes": [],
      "failures": [],
      "pending": [],
      "skipped": [],
      "duration": 0,
      "root": true,
      "rootEmpty": true,
      "_timeout": 2000
    }
  ],
  "meta": {
    "mocha": {
      "version": "7.0.1"
    },
    "mochawesome": {
      "options": {
        "quiet": true,
        "reportFilename": "mochawesome",
        "saveHtml": false,
        "saveJson": true,
        "consoleReporter": "spec",
        "useInlineDiffs": false,
        "code": true
      },
      "version": "7.1.3"
    },
    "marge": {
      "options": {
        "id": "default",
        "reportDir": "cypress/reports/mocha",
        "quiet": true,
        "overwrite": false,
        "html": false,
        "json": true
      },
      "version": "6.2.0"
    }
  }
}