{
  "stats": {
    "suites": 1,
    "tests": 1,
    "passes": 1,
    "pending": 0,
    "failures": 0,
    "start": "2023-12-06T14:12:27.440Z",
    "end": "2023-12-06T14:12:32.586Z",
    "duration": 5146,
    "testsRegistered": 1,
    "passPercent": 100,
    "pendingPercent": 0,
    "other": 0,
    "hasOther": false,
    "skipped": 0,
    "hasSkipped": false
  },
  "results": [
    {
      "uuid": "08f414f4-2034-4e4c-869b-f883cdbce29e",
      "title": "",
      "fullFile": "cypress\\integration\\TestCases\\TC01_FirstScript.spec.cy.js",
      "file": "cypress\\integration\\TestCases\\TC01_FirstScript.spec.cy.js",
      "beforeHooks": [],
      "afterHooks": [],
      "tests": [],
      "suites": [
        {
          "uuid": "6cd9c728-cacb-42f3-afeb-895b319bc7e2",
          "title": "Login Functionality",
          "fullFile": "",
          "file": "",
          "beforeHooks": [],
          "afterHooks": [],
          "tests": [
            {
              "title": "Login test using COnduit",
              "fullTitle": "Login Functionality Login test using COnduit",
              "timedOut": null,
              "duration": 5109,
              "state": "passed",
              "speed": "medium",
              "pass": true,
              "fail": false,
              "pending": false,
              "context": null,
              "code": "cy.visit('/');\ncy.get('a[href=\"#login\"]').click();\ncy.get('input[placeholder=\"Email\"]').type('cypressdemo@gmail.com');\ncy.get('input[placeholder=\"Password\"]').type('cypressdemo');\ncy.get('form').submit(); // or button[type='submit']\ncy.get('a[href=\"#settings\"]').click();\ncy.get('button').contains('Or click here to logout.').click();",
              "err": {},
              "uuid": "92c26aca-b5b1-49ed-b773-0e6bfbf7abdf",
              "parentUUID": "6cd9c728-cacb-42f3-afeb-895b319bc7e2",
              "isHook": false,
              "skipped": false
            }
          ],
          "suites": [],
          "passes": [
            "92c26aca-b5b1-49ed-b773-0e6bfbf7abdf"
          ],
          "failures": [],
          "pending": [],
          "skipped": [],
          "duration": 5109,
          "root": false,
          "rootEmpty": false,
          "_timeout": 2000
        }
      ],
      "passes": [],
      "failures": [],
      "pending": [],
      "skipped": [],
      "duration": 0,
      "root": true,
      "rootEmpty": true,
      "_timeout": 2000
    }
  ],
  "meta": {
    "mocha": {
      "version": "7.0.1"
    },
    "mochawesome": {
      "options": {
        "quiet": true,
        "reportFilename": "mochawesome",
        "saveHtml": false,
        "saveJson": true,
        "consoleReporter": "spec",
        "useInlineDiffs": false,
        "code": true
      },
      "version": "7.1.3"
    },
    "marge": {
      "options": {
        "id": "default",
        "reportDir": "cypress/reports/mocha",
        "quiet": true,
        "overwrite": false,
        "html": false,
        "json": true
      },
      "version": "6.2.0"
    }
  }
}