{
  "stats": {
    "suites": 1,
    "tests": 2,
    "passes": 2,
    "pending": 0,
    "failures": 0,
    "start": "2023-12-06T13:19:26.958Z",
    "end": "2023-12-06T13:19:32.859Z",
    "duration": 5901,
    "testsRegistered": 2,
    "passPercent": 100,
    "pendingPercent": 0,
    "other": 0,
    "hasOther": false,
    "skipped": 0,
    "hasSkipped": false
  },
  "results": [
    {
      "uuid": "455579d8-565d-4bc2-a5b9-e0dd54b6bc4d",
      "title": "",
      "fullFile": "cypress\\integration\\TestCases\\TC13_ReadExcel.spec.cy.js",
      "file": "cypress\\integration\\TestCases\\TC13_ReadExcel.spec.cy.js",
      "beforeHooks": [],
      "afterHooks": [],
      "tests": [],
      "suites": [
        {
          "uuid": "bcdbccda-4edf-417b-b25a-e91338c4b1a5",
          "title": "Excel test",
          "fullFile": "",
          "file": "",
          "beforeHooks": [],
          "afterHooks": [],
          "tests": [
            {
              "title": "Conduit - Valid Credentials",
              "fullTitle": "Excel test Conduit - Valid Credentials",
              "timedOut": null,
              "duration": 4245,
              "state": "passed",
              "speed": "fast",
              "pass": true,
              "fail": false,
              "pending": false,
              "context": null,
              "code": "cy.visit('/');\ncy.contains('Sign in').click();\ncy.get('input[type=\"email\"]').type(data[0].username);\ncy.get('input[type=\"password\"]').type(data[0].password);\ncy.get('button[type=\"submit\"]').click();\ncy.contains('Settings').click();\ncy.contains('Or click here to logout.').click();",
              "err": {},
              "uuid": "86a1aee9-958e-44cb-ab51-ee390fbb45b9",
              "parentUUID": "bcdbccda-4edf-417b-b25a-e91338c4b1a5",
              "isHook": false,
              "skipped": false
            },
            {
              "title": "Conduit - Invalid Credentials",
              "fullTitle": "Excel test Conduit - Invalid Credentials",
              "timedOut": null,
              "duration": 1579,
              "state": "passed",
              "speed": "fast",
              "pass": true,
              "fail": false,
              "pending": false,
              "context": null,
              "code": "cy.visit('/');\ncy.contains('Sign in').click();\ncy.get('input[type=\"email\"]').type(data[1].username);\ncy.get('input[type=\"password\"]').type(data[1].password);\ncy.get('button[type=\"submit\"]').click();\ncy.get('.error-messages').should('contain', 'email or password is invalid');",
              "err": {},
              "uuid": "cceb5809-ad9d-42a7-8e29-1a39c250157a",
              "parentUUID": "bcdbccda-4edf-417b-b25a-e91338c4b1a5",
              "isHook": false,
              "skipped": false
            }
          ],
          "suites": [],
          "passes": [
            "86a1aee9-958e-44cb-ab51-ee390fbb45b9",
            "cceb5809-ad9d-42a7-8e29-1a39c250157a"
          ],
          "failures": [],
          "pending": [],
          "skipped": [],
          "duration": 5824,
          "root": false,
          "rootEmpty": false,
          "_timeout": 2000
        }
      ],
      "passes": [],
      "failures": [],
      "pending": [],
      "skipped": [],
      "duration": 0,
      "root": true,
      "rootEmpty": true,
      "_timeout": 2000
    }
  ],
  "meta": {
    "mocha": {
      "version": "7.0.1"
    },
    "mochawesome": {
      "options": {
        "quiet": true,
        "reportFilename": "mochawesome",
        "saveHtml": false,
        "saveJson": true,
        "consoleReporter": "spec",
        "useInlineDiffs": false,
        "code": true
      },
      "version": "7.1.3"
    },
    "marge": {
      "options": {
        "id": "default",
        "reportDir": "cypress/reports/mocha",
        "quiet": true,
        "overwrite": false,
        "html": false,
        "json": true
      },
      "version": "6.2.0"
    }
  }
}