{
  "stats": {
    "suites": 1,
    "tests": 3,
    "passes": 3,
    "pending": 0,
    "failures": 0,
    "start": "2023-12-06T13:18:57.825Z",
    "end": "2023-12-06T13:18:57.932Z",
    "duration": 107,
    "testsRegistered": 3,
    "passPercent": 100,
    "pendingPercent": 0,
    "other": 0,
    "hasOther": false,
    "skipped": 0,
    "hasSkipped": false
  },
  "results": [
    {
      "uuid": "106c0eb9-f8a2-49bf-a1de-3a1302972ed3",
      "title": "",
      "fullFile": "cypress\\integration\\TestCases\\TC10_HooksBasics.spec.cy.js",
      "file": "cypress\\integration\\TestCases\\TC10_HooksBasics.spec.cy.js",
      "beforeHooks": [],
      "afterHooks": [],
      "tests": [],
      "suites": [
        {
          "uuid": "580b8a7d-b68a-40f5-83bb-125813cddc76",
          "title": "Hooks Basics",
          "fullFile": "",
          "file": "",
          "beforeHooks": [],
          "afterHooks": [],
          "tests": [
            {
              "title": "Search item",
              "fullTitle": "Hooks Basics Search item",
              "timedOut": null,
              "duration": 25,
              "state": "passed",
              "speed": "fast",
              "pass": true,
              "fail": false,
              "pending": false,
              "context": null,
              "code": "cy.log('This is Search item block');",
              "err": {},
              "uuid": "1886ebdd-86e2-48fa-acc2-6816cf0c3a47",
              "parentUUID": "580b8a7d-b68a-40f5-83bb-125813cddc76",
              "isHook": false,
              "skipped": false
            },
            {
              "title": "Order item",
              "fullTitle": "Hooks Basics Order item",
              "timedOut": null,
              "duration": 11,
              "state": "passed",
              "speed": "fast",
              "pass": true,
              "fail": false,
              "pending": false,
              "context": null,
              "code": "cy.log('This is Order item block');",
              "err": {},
              "uuid": "085930e9-931c-4162-9a7c-ad348eea28ad",
              "parentUUID": "580b8a7d-b68a-40f5-83bb-125813cddc76",
              "isHook": false,
              "skipped": false
            },
            {
              "title": "Check out item",
              "fullTitle": "Hooks Basics Check out item",
              "timedOut": null,
              "duration": 11,
              "state": "passed",
              "speed": "fast",
              "pass": true,
              "fail": false,
              "pending": false,
              "context": null,
              "code": "cy.log('This is Check out item block');",
              "err": {},
              "uuid": "031fa864-59a7-445e-b431-c6b63821abc0",
              "parentUUID": "580b8a7d-b68a-40f5-83bb-125813cddc76",
              "isHook": false,
              "skipped": false
            }
          ],
          "suites": [],
          "passes": [
            "1886ebdd-86e2-48fa-acc2-6816cf0c3a47",
            "085930e9-931c-4162-9a7c-ad348eea28ad",
            "031fa864-59a7-445e-b431-c6b63821abc0"
          ],
          "failures": [],
          "pending": [],
          "skipped": [],
          "duration": 47,
          "root": false,
          "rootEmpty": false,
          "_timeout": 2000
        }
      ],
      "passes": [],
      "failures": [],
      "pending": [],
      "skipped": [],
      "duration": 0,
      "root": true,
      "rootEmpty": true,
      "_timeout": 2000
    }
  ],
  "meta": {
    "mocha": {
      "version": "7.0.1"
    },
    "mochawesome": {
      "options": {
        "quiet": true,
        "reportFilename": "mochawesome",
        "saveHtml": false,
        "saveJson": true,
        "consoleReporter": "spec",
        "useInlineDiffs": false,
        "code": true
      },
      "version": "7.1.3"
    },
    "marge": {
      "options": {
        "id": "default",
        "reportDir": "cypress/reports/mocha",
        "quiet": true,
        "overwrite": false,
        "html": false,
        "json": true
      },
      "version": "6.2.0"
    }
  }
}