{
  "stats": {
    "suites": 1,
    "tests": 1,
    "passes": 1,
    "pending": 0,
    "failures": 0,
    "start": "2023-12-06T13:18:46.335Z",
    "end": "2023-12-06T13:18:50.671Z",
    "duration": 4336,
    "testsRegistered": 1,
    "passPercent": 100,
    "pendingPercent": 0,
    "other": 0,
    "hasOther": false,
    "skipped": 0,
    "hasSkipped": false
  },
  "results": [
    {
      "uuid": "a4d5e5c0-82c1-4228-aaf6-412752a39501",
      "title": "",
      "fullFile": "cypress\\integration\\TestCases\\TC08_Xpath.spec.cy.js",
      "file": "cypress\\integration\\TestCases\\TC08_Xpath.spec.cy.js",
      "beforeHooks": [],
      "afterHooks": [],
      "tests": [],
      "suites": [
        {
          "uuid": "99cda6dc-ee00-4a96-a754-e9ad7406c80b",
          "title": "Advanced UI Elements",
          "fullFile": "",
          "file": "",
          "beforeHooks": [],
          "afterHooks": [],
          "tests": [
            {
              "title": "Xpath",
              "fullTitle": "Advanced UI Elements Xpath",
              "timedOut": null,
              "duration": 4297,
              "state": "passed",
              "speed": "fast",
              "pass": true,
              "fail": false,
              "pending": false,
              "context": null,
              "code": "cy.visit('/');\ncy.xpath('//a[contains(text(),\"Sign in\")]').click();\ncy.xpath('//input[@placeholder=\"Email\"]').type('cypressdemo@gmail.com');\ncy.xpath('//input[@placeholder=\"Password\"]').type('cypressdemo');\ncy.xpath('//button[@type=\"submit\"]').click();",
              "err": {},
              "uuid": "0cdec3c4-f068-485f-8b70-a86f332e59d8",
              "parentUUID": "99cda6dc-ee00-4a96-a754-e9ad7406c80b",
              "isHook": false,
              "skipped": false
            }
          ],
          "suites": [],
          "passes": [
            "0cdec3c4-f068-485f-8b70-a86f332e59d8"
          ],
          "failures": [],
          "pending": [],
          "skipped": [],
          "duration": 4297,
          "root": false,
          "rootEmpty": false,
          "_timeout": 2000
        }
      ],
      "passes": [],
      "failures": [],
      "pending": [],
      "skipped": [],
      "duration": 0,
      "root": true,
      "rootEmpty": true,
      "_timeout": 2000
    }
  ],
  "meta": {
    "mocha": {
      "version": "7.0.1"
    },
    "mochawesome": {
      "options": {
        "quiet": true,
        "reportFilename": "mochawesome",
        "saveHtml": false,
        "saveJson": true,
        "consoleReporter": "spec",
        "useInlineDiffs": false,
        "code": true
      },
      "version": "7.1.3"
    },
    "marge": {
      "options": {
        "id": "default",
        "reportDir": "cypress/reports/mocha",
        "quiet": true,
        "overwrite": false,
        "html": false,
        "json": true
      },
      "version": "6.2.0"
    }
  }
}