{
  "stats": {
    "suites": 1,
    "tests": 2,
    "passes": 2,
    "pending": 0,
    "failures": 0,
    "start": "2023-12-06T13:19:34.881Z",
    "end": "2023-12-06T13:19:41.529Z",
    "duration": 6648,
    "testsRegistered": 2,
    "passPercent": 100,
    "pendingPercent": 0,
    "other": 0,
    "hasOther": false,
    "skipped": 0,
    "hasSkipped": false
  },
  "results": [
    {
      "uuid": "3d9d4eef-90ed-4583-b113-20223579e508",
      "title": "",
      "fullFile": "cypress\\integration\\TestCases\\TC14_ReadCsv.spec.cy.js",
      "file": "cypress\\integration\\TestCases\\TC14_ReadCsv.spec.cy.js",
      "beforeHooks": [],
      "afterHooks": [],
      "tests": [],
      "suites": [
        {
          "uuid": "5d44c1c0-7c32-4a87-a3af-c54678ee43fb",
          "title": "Csv test",
          "fullFile": "",
          "file": "",
          "beforeHooks": [],
          "afterHooks": [],
          "tests": [
            {
              "title": "Conduit - Valid Credentials",
              "fullTitle": "Csv test Conduit - Valid Credentials",
              "timedOut": null,
              "duration": 4893,
              "state": "passed",
              "speed": "fast",
              "pass": true,
              "fail": false,
              "pending": false,
              "context": null,
              "code": "cy.visit('/');\ncy.contains('Sign in').click();\ncy.get('input[type=\"email\"]').type(table[0].username);\ncy.get('input[type=\"password\"]').type(table[0].password);\ncy.get('button[type=\"submit\"]').click();\ncy.contains('Settings').click();\ncy.contains('Or click here to logout.').click();",
              "err": {},
              "uuid": "4cc24d1f-be30-4fae-9d5e-25a29d83a4f5",
              "parentUUID": "5d44c1c0-7c32-4a87-a3af-c54678ee43fb",
              "isHook": false,
              "skipped": false
            },
            {
              "title": "Conduit - Invalid Credentials",
              "fullTitle": "Csv test Conduit - Invalid Credentials",
              "timedOut": null,
              "duration": 1680,
              "state": "passed",
              "speed": "fast",
              "pass": true,
              "fail": false,
              "pending": false,
              "context": null,
              "code": "cy.visit('/');\ncy.contains('Sign in').click();\ncy.get('input[type=\"email\"]').type(table[1].username);\ncy.get('input[type=\"password\"]').type(table[1].password);\ncy.get('button[type=\"submit\"]').click();\ncy.get('.error-messages').should('contain', 'email or password is invalid');",
              "err": {},
              "uuid": "138968fd-7898-4777-bc2d-6a729c8e7e3d",
              "parentUUID": "5d44c1c0-7c32-4a87-a3af-c54678ee43fb",
              "isHook": false,
              "skipped": false
            }
          ],
          "suites": [],
          "passes": [
            "4cc24d1f-be30-4fae-9d5e-25a29d83a4f5",
            "138968fd-7898-4777-bc2d-6a729c8e7e3d"
          ],
          "failures": [],
          "pending": [],
          "skipped": [],
          "duration": 6573,
          "root": false,
          "rootEmpty": false,
          "_timeout": 2000
        }
      ],
      "passes": [],
      "failures": [],
      "pending": [],
      "skipped": [],
      "duration": 0,
      "root": true,
      "rootEmpty": true,
      "_timeout": 2000
    }
  ],
  "meta": {
    "mocha": {
      "version": "7.0.1"
    },
    "mochawesome": {
      "options": {
        "quiet": true,
        "reportFilename": "mochawesome",
        "saveHtml": false,
        "saveJson": true,
        "consoleReporter": "spec",
        "useInlineDiffs": false,
        "code": true
      },
      "version": "7.1.3"
    },
    "marge": {
      "options": {
        "id": "default",
        "reportDir": "cypress/reports/mocha",
        "quiet": true,
        "overwrite": false,
        "html": false,
        "json": true
      },
      "version": "6.2.0"
    }
  }
}