{
  "stats": {
    "suites": 19,
    "tests": 33,
    "passes": 31,
    "pending": 0,
    "failures": 2,
    "testsRegistered": 33,
    "passPercent": 93.93939393939394,
    "pendingPercent": 0,
    "other": 0,
    "hasOther": false,
    "skipped": 0,
    "hasSkipped": false,
    "start": "2023-12-06T13:17:31.839Z",
    "end": "2023-12-06T13:20:11.508Z",
    "duration": 159669
  },
  "results": [
    {
      "uuid": "03d2b361-650f-4295-b0e5-d0aa14925096",
      "title": "",
      "fullFile": "cypress\\integration\\TestCases\\TC01_FirstScript.spec.cy.js",
      "file": "cypress\\integration\\TestCases\\TC01_FirstScript.spec.cy.js",
      "beforeHooks": [],
      "afterHooks": [],
      "tests": [],
      "suites": [
        {
          "uuid": "3cefe69a-ecf6-49d7-b6fa-30557aae8a03",
          "title": "Login Functionality",
          "fullFile": "",
          "file": "",
          "beforeHooks": [],
          "afterHooks": [],
          "tests": [
            {
              "title": "Login test using COnduit",
              "fullTitle": "Login Functionality Login test using COnduit",
              "timedOut": null,
              "duration": 4587,
              "state": "passed",
              "speed": "fast",
              "pass": true,
              "fail": false,
              "pending": false,
              "context": null,
              "code": "cy.visit('/');\ncy.get('a[href=\"#login\"]').click();\ncy.get('input[placeholder=\"Email\"]').type('cypressdemo@gmail.com');\ncy.get('input[placeholder=\"Password\"]').type('cypressdemo');\ncy.get('form').submit(); // or button[type='submit']\ncy.get('a[href=\"#settings\"]').click();\ncy.get('button').contains('Or click here to logout.').click();",
              "err": {},
              "uuid": "b50fda14-883f-4446-845d-ab945778e188",
              "parentUUID": "3cefe69a-ecf6-49d7-b6fa-30557aae8a03",
              "isHook": false,
              "skipped": false
            }
          ],
          "suites": [],
          "passes": [
            "b50fda14-883f-4446-845d-ab945778e188"
          ],
          "failures": [],
          "pending": [],
          "skipped": [],
          "duration": 4587,
          "root": false,
          "rootEmpty": false,
          "_timeout": 2000
        }
      ],
      "passes": [],
      "failures": [],
      "pending": [],
      "skipped": [],
      "duration": 0,
      "root": true,
      "rootEmpty": true,
      "_timeout": 2000
    },
    {
      "uuid": "4baeddf1-7ba9-4b90-bd0b-c7ea6620074e",
      "title": "",
      "fullFile": "cypress\\integration\\TestCases\\TC02-Radiobutton.spec.cy.js",
      "file": "cypress\\integration\\TestCases\\TC02-Radiobutton.spec.cy.js",
      "beforeHooks": [],
      "afterHooks": [],
      "tests": [],
      "suites": [
        {
          "uuid": "0dbadcf8-ad6b-413c-aa59-00dd1321b6dc",
          "title": "Radio Button Functionality",
          "fullFile": "",
          "file": "",
          "beforeHooks": [],
          "afterHooks": [],
          "tests": [
            {
              "title": "Handling different radio button",
              "fullTitle": "Radio Button Functionality Handling different radio button",
              "timedOut": null,
              "duration": 1839,
              "state": "passed",
              "speed": "fast",
              "pass": true,
              "fail": false,
              "pending": false,
              "context": null,
              "code": "//Basic Radio Button\ncy.visit('https://demos.jquerymobile.com/1.4.5/checkboxradio-radio/');\ncy.get('#radio-choice-0a').should('not.be.checked').click({\n  force: true\n});\ncy.get('#radio-choice-0b').should('not.be.checked').click({\n  force: true\n});\n//Modern Radio button\ncy.get('#radio-choice-h-2b').should('not.be.checked').click({\n  force: true\n});\ncy.get('#radio-choice-h-2c').should('not.be.checked').click({\n  force: true\n});",
              "err": {},
              "uuid": "f3da573a-783b-4d50-9f26-3e68d5fc87bc",
              "parentUUID": "0dbadcf8-ad6b-413c-aa59-00dd1321b6dc",
              "isHook": false,
              "skipped": false
            }
          ],
          "suites": [],
          "passes": [
            "f3da573a-783b-4d50-9f26-3e68d5fc87bc"
          ],
          "failures": [],
          "pending": [],
          "skipped": [],
          "duration": 1839,
          "root": false,
          "rootEmpty": false,
          "_timeout": 2000
        }
      ],
      "passes": [],
      "failures": [],
      "pending": [],
      "skipped": [],
      "duration": 0,
      "root": true,
      "rootEmpty": true,
      "_timeout": 2000
    },
    {
      "uuid": "fee2f430-6773-4f32-ae43-dcd801b03b50",
      "title": "",
      "fullFile": "cypress\\integration\\TestCases\\TC03_CheckBox.spec.cy.js",
      "file": "cypress\\integration\\TestCases\\TC03_CheckBox.spec.cy.js",
      "beforeHooks": [],
      "afterHooks": [],
      "tests": [],
      "suites": [
        {
          "uuid": "b06e47c3-899c-41d7-ab73-d36c6993d2d2",
          "title": "Checkbox Functionality",
          "fullFile": "",
          "file": "",
          "beforeHooks": [],
          "afterHooks": [],
          "tests": [
            {
              "title": "Handling different Check boxes",
              "fullTitle": "Checkbox Functionality Handling different Check boxes",
              "timedOut": null,
              "duration": 1178,
              "state": "passed",
              "speed": "fast",
              "pass": true,
              "fail": false,
              "pending": false,
              "context": null,
              "code": "cy.visit('https://demos.jquerymobile.com/1.4.5/checkboxradio-checkbox/');\ncy.get('#checkbox-v-2a').should('not.be.checked').check({\n  force: true\n}).should('be.checked');\ncy.get('#checkbox-v-2c').should('not.be.checked').check({\n  force: true\n}).should('be.checked');",
              "err": {},
              "uuid": "57fa37b9-7481-4ce7-a3e6-236332b299a6",
              "parentUUID": "b06e47c3-899c-41d7-ab73-d36c6993d2d2",
              "isHook": false,
              "skipped": false
            }
          ],
          "suites": [],
          "passes": [
            "57fa37b9-7481-4ce7-a3e6-236332b299a6"
          ],
          "failures": [],
          "pending": [],
          "skipped": [],
          "duration": 1178,
          "root": false,
          "rootEmpty": false,
          "_timeout": 2000
        }
      ],
      "passes": [],
      "failures": [],
      "pending": [],
      "skipped": [],
      "duration": 0,
      "root": true,
      "rootEmpty": true,
      "_timeout": 2000
    },
    {
      "uuid": "fa945f69-f264-4124-8b3c-c187646fb35c",
      "title": "",
      "fullFile": "cypress\\integration\\TestCases\\TC04_DropDown.spec.cy.js",
      "file": "cypress\\integration\\TestCases\\TC04_DropDown.spec.cy.js",
      "beforeHooks": [],
      "afterHooks": [],
      "tests": [],
      "suites": [
        {
          "uuid": "fd25f149-7812-43ab-8640-4db24de0e283",
          "title": "Dropdown Functionality",
          "fullFile": "",
          "file": "",
          "beforeHooks": [],
          "afterHooks": [],
          "tests": [
            {
              "title": "Handling Static Dropdpwn",
              "fullTitle": "Dropdown Functionality Handling Static Dropdpwn",
              "timedOut": null,
              "duration": 951,
              "state": "passed",
              "speed": "fast",
              "pass": true,
              "fail": false,
              "pending": false,
              "context": null,
              "code": "cy.visit('https://seleniumbase.io/demo_page');\ncy.get('#mySelect').select('Set to 100%').should('have.value', '100%');",
              "err": {},
              "uuid": "e4f37b93-e4e2-48d7-8b84-747b87d0f625",
              "parentUUID": "fd25f149-7812-43ab-8640-4db24de0e283",
              "isHook": false,
              "skipped": false
            },
            {
              "title": "Handling Dynamic Dropdpwn",
              "fullTitle": "Dropdown Functionality Handling Dynamic Dropdpwn",
              "timedOut": null,
              "duration": 13598,
              "state": "failed",
              "speed": null,
              "pass": false,
              "fail": true,
              "pending": false,
              "context": "\"assets/TC04_DropDown.spec.cy.js/Dropdown Functionality -- Handling Dynamic Dropdpwn (failed).png\"",
              "code": "cy.visit('https://demos.telerik.com/aspnet-ajax/dropdownlist/examples/overview/defaultcs.aspx');\ncy.get('#ctl00_ContentPlaceholder1_RadDropDownProducts').click();\ncy.get('.rddlItem').contains('Aniseed Syrup').click();",
              "err": {
                "message": "AssertionError: Timed out retrying after 4000ms: Expected to find content: 'Aniseed Syrup' within the element: <li.rddlItem> but never did.",
                "estack": "AssertionError: Timed out retrying after 4000ms: Expected to find content: 'Aniseed Syrup' within the element: <li.rddlItem> but never did.\n    at Context.eval (webpack://cypress-udemy-course/./cypress/integration/TestCases/TC04_DropDown.spec.cy.js:13:28)",
                "diff": null
              },
              "uuid": "5b63fb25-8f9b-43bb-a3ca-04a7cefe7d5b",
              "parentUUID": "fd25f149-7812-43ab-8640-4db24de0e283",
              "isHook": false,
              "skipped": false
            },
            {
              "title": "Handling Multiple Dropdpwn",
              "fullTitle": "Dropdown Functionality Handling Multiple Dropdpwn",
              "timedOut": null,
              "duration": 4676,
              "state": "passed",
              "speed": "fast",
              "pass": true,
              "fail": false,
              "pending": false,
              "context": null,
              "code": "cy.visit('https://demo.mobiscroll.com/select/multiple-select');\ncy.get('#multiple-select-input').click({\n  force: true\n});\ncy.get('div[class=\"mbsc-scroller-wheel-item mbsc-ios mbsc-ltr mbsc-wheel-item-checkmark mbsc-wheel-item-multi\"]').contains('Electronics & Computers').click();\ncy.get('div[class=\"mbsc-scroller-wheel-item mbsc-ios mbsc-ltr mbsc-wheel-item-checkmark mbsc-wheel-item-multi\"]').contains('Health & Beauty').click();",
              "err": {},
              "uuid": "72f53993-dbaf-4f0b-86ba-3558d27e1845",
              "parentUUID": "fd25f149-7812-43ab-8640-4db24de0e283",
              "isHook": false,
              "skipped": false
            }
          ],
          "suites": [],
          "passes": [
            "e4f37b93-e4e2-48d7-8b84-747b87d0f625",
            "72f53993-dbaf-4f0b-86ba-3558d27e1845"
          ],
          "failures": [
            "5b63fb25-8f9b-43bb-a3ca-04a7cefe7d5b"
          ],
          "pending": [],
          "skipped": [],
          "duration": 19225,
          "root": false,
          "rootEmpty": false,
          "_timeout": 2000
        }
      ],
      "passes": [],
      "failures": [],
      "pending": [],
      "skipped": [],
      "duration": 0,
      "root": true,
      "rootEmpty": true,
      "_timeout": 2000
    },
    {
      "uuid": "7402f071-7eec-43e5-bb93-d591a07078db",
      "title": "",
      "fullFile": "cypress\\integration\\TestCases\\TC05_Alerts.spec.cy.js",
      "file": "cypress\\integration\\TestCases\\TC05_Alerts.spec.cy.js",
      "beforeHooks": [],
      "afterHooks": [],
      "tests": [],
      "suites": [
        {
          "uuid": "a8c4df9f-ad28-4b63-876f-faa0b7d71266",
          "title": "Advanced UI Elements",
          "fullFile": "",
          "file": "",
          "beforeHooks": [],
          "afterHooks": [],
          "tests": [
            {
              "title": "Simple alert",
              "fullTitle": "Advanced UI Elements Simple alert",
              "timedOut": null,
              "duration": 1349,
              "state": "passed",
              "speed": "fast",
              "pass": true,
              "fail": false,
              "pending": false,
              "context": null,
              "code": "cy.visit('https://the-internet.herokuapp.com/javascript_alerts');\ncy.contains('Click for JS Alert').click();\ncy.on('window:alert', str => {\n  expect(str).to.equal('I am a JS Alert');\n});\ncy.get('#result').should('contain', 'You successfully clicked an alert');",
              "err": {},
              "uuid": "eb2d6baa-43df-45c1-92e7-9d749df9c0b7",
              "parentUUID": "a8c4df9f-ad28-4b63-876f-faa0b7d71266",
              "isHook": false,
              "skipped": false
            },
            {
              "title": "Confirmation alert - Ok button",
              "fullTitle": "Advanced UI Elements Confirmation alert - Ok button",
              "timedOut": null,
              "duration": 420,
              "state": "passed",
              "speed": "fast",
              "pass": true,
              "fail": false,
              "pending": false,
              "context": null,
              "code": "cy.visit('https://the-internet.herokuapp.com/javascript_alerts');\ncy.contains('Click for JS Confirm').click();\ncy.on('window:confirm', str => {\n  expect(str).to.equal('I am a JS Confirm');\n});\ncy.get('#result').should('contain', 'You clicked: Ok');",
              "err": {},
              "uuid": "a9e9b8e9-86ef-4bab-a2bd-2970972b4c86",
              "parentUUID": "a8c4df9f-ad28-4b63-876f-faa0b7d71266",
              "isHook": false,
              "skipped": false
            },
            {
              "title": "Confirmation alert - Cancel button",
              "fullTitle": "Advanced UI Elements Confirmation alert - Cancel button",
              "timedOut": null,
              "duration": 375,
              "state": "passed",
              "speed": "fast",
              "pass": true,
              "fail": false,
              "pending": false,
              "context": null,
              "code": "cy.visit('https://the-internet.herokuapp.com/javascript_alerts');\ncy.contains('Click for JS Confirm').click();\ncy.on('window:confirm', str => {\n  expect(str).to.equal('I am a JS Confirm');\n  return false;\n});\ncy.get('#result').should('contain', 'You clicked: Cancel');",
              "err": {},
              "uuid": "9c6f1c2d-2445-452d-8cf4-698fe0cec97a",
              "parentUUID": "a8c4df9f-ad28-4b63-876f-faa0b7d71266",
              "isHook": false,
              "skipped": false
            },
            {
              "title": "Prompt Alert",
              "fullTitle": "Advanced UI Elements Prompt Alert",
              "timedOut": null,
              "duration": 348,
              "state": "passed",
              "speed": "fast",
              "pass": true,
              "fail": false,
              "pending": false,
              "context": null,
              "code": "cy.visit('https://the-internet.herokuapp.com/javascript_alerts');\ncy.window().then(function ($win) {\n  cy.stub($win, 'prompt').returns('Hello Alert');\n  cy.contains('Click for JS Prompt').click();\n});\ncy.get('#result').should('contain', 'You entered: Hello Alert');",
              "err": {},
              "uuid": "1095c0c2-c617-4017-aee1-729aa0d1b657",
              "parentUUID": "a8c4df9f-ad28-4b63-876f-faa0b7d71266",
              "isHook": false,
              "skipped": false
            }
          ],
          "suites": [],
          "passes": [
            "eb2d6baa-43df-45c1-92e7-9d749df9c0b7",
            "a9e9b8e9-86ef-4bab-a2bd-2970972b4c86",
            "9c6f1c2d-2445-452d-8cf4-698fe0cec97a",
            "1095c0c2-c617-4017-aee1-729aa0d1b657"
          ],
          "failures": [],
          "pending": [],
          "skipped": [],
          "duration": 2492,
          "root": false,
          "rootEmpty": false,
          "_timeout": 2000
        }
      ],
      "passes": [],
      "failures": [],
      "pending": [],
      "skipped": [],
      "duration": 0,
      "root": true,
      "rootEmpty": true,
      "_timeout": 2000
    },
    {
      "uuid": "ab022912-2cea-40fd-95b8-f1ae49372c77",
      "title": "",
      "fullFile": "cypress\\integration\\TestCases\\TC06_WebTables.spec.cy.js",
      "file": "cypress\\integration\\TestCases\\TC06_WebTables.spec.cy.js",
      "beforeHooks": [],
      "afterHooks": [],
      "tests": [],
      "suites": [
        {
          "uuid": "9f7a28f6-a71e-452d-8b38-c7f74cb61554",
          "title": "Advanced UI Elements",
          "fullFile": "",
          "file": "",
          "beforeHooks": [],
          "afterHooks": [],
          "tests": [
            {
              "title": "Web Tables",
              "fullTitle": "Advanced UI Elements Web Tables",
              "timedOut": null,
              "duration": 967,
              "state": "passed",
              "speed": "fast",
              "pass": true,
              "fail": false,
              "pending": false,
              "context": null,
              "code": "cy.visit('https://the-internet.herokuapp.com/tables');\n// 1 - Check value present anywhere in the table\ncy.get('#table1').contains('td', 'http://www.jdoe.com').should('be.visible');\n// 2 - Check value based on specific row and column\ncy.get(`#table1>tbody>tr:nth-child(${row})>td:nth-child(${col})`).contains('td', 'jsmith@gmail.com').should('be.visible');\n// 3 - Check value based on a condition\ncy.get('#table1>tbody>tr>td:nth-child(2)').each(($ele, index, $list) => {\n  const fname = $ele.text();\n  if (fname.includes('Frank')) {\n    cy.get('#table1>tbody>tr>td:nth-child(4)').eq(index).then(function ($due) {\n      const dueAmount = $due.text();\n      expect(dueAmount).to.equal('$51.00');\n    });\n  }\n});",
              "err": {},
              "uuid": "651e5f5c-bee0-45a0-bc34-f1e7ad8beb66",
              "parentUUID": "9f7a28f6-a71e-452d-8b38-c7f74cb61554",
              "isHook": false,
              "skipped": false
            }
          ],
          "suites": [],
          "passes": [
            "651e5f5c-bee0-45a0-bc34-f1e7ad8beb66"
          ],
          "failures": [],
          "pending": [],
          "skipped": [],
          "duration": 967,
          "root": false,
          "rootEmpty": false,
          "_timeout": 2000
        }
      ],
      "passes": [],
      "failures": [],
      "pending": [],
      "skipped": [],
      "duration": 0,
      "root": true,
      "rootEmpty": true,
      "_timeout": 2000
    },
    {
      "uuid": "bc124194-1e07-4e46-a359-2239e1dff57c",
      "title": "",
      "fullFile": "cypress\\integration\\TestCases\\TC07_Iframes.spec.cy.js",
      "file": "cypress\\integration\\TestCases\\TC07_Iframes.spec.cy.js",
      "beforeHooks": [],
      "afterHooks": [],
      "tests": [],
      "suites": [
        {
          "uuid": "af201b91-f14d-43ef-aec0-a6b6b41e363a",
          "title": "Advanced UI Elements",
          "fullFile": "",
          "file": "",
          "beforeHooks": [],
          "afterHooks": [],
          "tests": [
            {
              "title": "Iframes",
              "fullTitle": "Advanced UI Elements Iframes",
              "timedOut": null,
              "duration": 2702,
              "state": "passed",
              "speed": "fast",
              "pass": true,
              "fail": false,
              "pending": false,
              "context": null,
              "code": "cy.visit('https://the-internet.herokuapp.com/iframe');\ncy.get('#mce_0_ifr').within(function ($iframe) {\n  const frame = $iframe.contents().find('#tinymce');\n  cy.wrap(frame).clear().type('hello');\n});",
              "err": {},
              "uuid": "7a76ab30-e3e7-4e0f-8bb2-4e13d1122dc1",
              "parentUUID": "af201b91-f14d-43ef-aec0-a6b6b41e363a",
              "isHook": false,
              "skipped": false
            }
          ],
          "suites": [],
          "passes": [
            "7a76ab30-e3e7-4e0f-8bb2-4e13d1122dc1"
          ],
          "failures": [],
          "pending": [],
          "skipped": [],
          "duration": 2702,
          "root": false,
          "rootEmpty": false,
          "_timeout": 2000
        }
      ],
      "passes": [],
      "failures": [],
      "pending": [],
      "skipped": [],
      "duration": 0,
      "root": true,
      "rootEmpty": true,
      "_timeout": 2000
    },
    {
      "uuid": "a4d5e5c0-82c1-4228-aaf6-412752a39501",
      "title": "",
      "fullFile": "cypress\\integration\\TestCases\\TC08_Xpath.spec.cy.js",
      "file": "cypress\\integration\\TestCases\\TC08_Xpath.spec.cy.js",
      "beforeHooks": [],
      "afterHooks": [],
      "tests": [],
      "suites": [
        {
          "uuid": "99cda6dc-ee00-4a96-a754-e9ad7406c80b",
          "title": "Advanced UI Elements",
          "fullFile": "",
          "file": "",
          "beforeHooks": [],
          "afterHooks": [],
          "tests": [
            {
              "title": "Xpath",
              "fullTitle": "Advanced UI Elements Xpath",
              "timedOut": null,
              "duration": 4297,
              "state": "passed",
              "speed": "fast",
              "pass": true,
              "fail": false,
              "pending": false,
              "context": null,
              "code": "cy.visit('/');\ncy.xpath('//a[contains(text(),\"Sign in\")]').click();\ncy.xpath('//input[@placeholder=\"Email\"]').type('cypressdemo@gmail.com');\ncy.xpath('//input[@placeholder=\"Password\"]').type('cypressdemo');\ncy.xpath('//button[@type=\"submit\"]').click();",
              "err": {},
              "uuid": "0cdec3c4-f068-485f-8b70-a86f332e59d8",
              "parentUUID": "99cda6dc-ee00-4a96-a754-e9ad7406c80b",
              "isHook": false,
              "skipped": false
            }
          ],
          "suites": [],
          "passes": [
            "0cdec3c4-f068-485f-8b70-a86f332e59d8"
          ],
          "failures": [],
          "pending": [],
          "skipped": [],
          "duration": 4297,
          "root": false,
          "rootEmpty": false,
          "_timeout": 2000
        }
      ],
      "passes": [],
      "failures": [],
      "pending": [],
      "skipped": [],
      "duration": 0,
      "root": true,
      "rootEmpty": true,
      "_timeout": 2000
    },
    {
      "uuid": "2efeb52e-be6e-40e1-ab0d-88ca54060b23",
      "title": "",
      "fullFile": "cypress\\integration\\TestCases\\TC09_BrowserControls.spec.cy.js",
      "file": "cypress\\integration\\TestCases\\TC09_BrowserControls.spec.cy.js",
      "beforeHooks": [],
      "afterHooks": [],
      "tests": [],
      "suites": [
        {
          "uuid": "8dc29d09-f60c-4a94-8bb0-c4068abf8847",
          "title": "Advanced UI Elements",
          "fullFile": "",
          "file": "",
          "beforeHooks": [],
          "afterHooks": [],
          "tests": [
            {
              "title": "Browser Controls",
              "fullTitle": "Advanced UI Elements Browser Controls",
              "timedOut": null,
              "duration": 3880,
              "state": "passed",
              "speed": "fast",
              "pass": true,
              "fail": false,
              "pending": false,
              "context": null,
              "code": "cy.visit('/');\ncy.contains('Sign in').click();\ncy.go('back');\ncy.go('forward');\ncy.go(-1);\ncy.go(1);\ncy.get('input[type=\"email\"]').type('cypress');\ncy.reload();",
              "err": {},
              "uuid": "246f4167-2afe-434f-91ab-a631c7a210bd",
              "parentUUID": "8dc29d09-f60c-4a94-8bb0-c4068abf8847",
              "isHook": false,
              "skipped": false
            }
          ],
          "suites": [],
          "passes": [
            "246f4167-2afe-434f-91ab-a631c7a210bd"
          ],
          "failures": [],
          "pending": [],
          "skipped": [],
          "duration": 3880,
          "root": false,
          "rootEmpty": false,
          "_timeout": 2000
        }
      ],
      "passes": [],
      "failures": [],
      "pending": [],
      "skipped": [],
      "duration": 0,
      "root": true,
      "rootEmpty": true,
      "_timeout": 2000
    },
    {
      "uuid": "106c0eb9-f8a2-49bf-a1de-3a1302972ed3",
      "title": "",
      "fullFile": "cypress\\integration\\TestCases\\TC10_HooksBasics.spec.cy.js",
      "file": "cypress\\integration\\TestCases\\TC10_HooksBasics.spec.cy.js",
      "beforeHooks": [],
      "afterHooks": [],
      "tests": [],
      "suites": [
        {
          "uuid": "580b8a7d-b68a-40f5-83bb-125813cddc76",
          "title": "Hooks Basics",
          "fullFile": "",
          "file": "",
          "beforeHooks": [],
          "afterHooks": [],
          "tests": [
            {
              "title": "Search item",
              "fullTitle": "Hooks Basics Search item",
              "timedOut": null,
              "duration": 25,
              "state": "passed",
              "speed": "fast",
              "pass": true,
              "fail": false,
              "pending": false,
              "context": null,
              "code": "cy.log('This is Search item block');",
              "err": {},
              "uuid": "1886ebdd-86e2-48fa-acc2-6816cf0c3a47",
              "parentUUID": "580b8a7d-b68a-40f5-83bb-125813cddc76",
              "isHook": false,
              "skipped": false
            },
            {
              "title": "Order item",
              "fullTitle": "Hooks Basics Order item",
              "timedOut": null,
              "duration": 11,
              "state": "passed",
              "speed": "fast",
              "pass": true,
              "fail": false,
              "pending": false,
              "context": null,
              "code": "cy.log('This is Order item block');",
              "err": {},
              "uuid": "085930e9-931c-4162-9a7c-ad348eea28ad",
              "parentUUID": "580b8a7d-b68a-40f5-83bb-125813cddc76",
              "isHook": false,
              "skipped": false
            },
            {
              "title": "Check out item",
              "fullTitle": "Hooks Basics Check out item",
              "timedOut": null,
              "duration": 11,
              "state": "passed",
              "speed": "fast",
              "pass": true,
              "fail": false,
              "pending": false,
              "context": null,
              "code": "cy.log('This is Check out item block');",
              "err": {},
              "uuid": "031fa864-59a7-445e-b431-c6b63821abc0",
              "parentUUID": "580b8a7d-b68a-40f5-83bb-125813cddc76",
              "isHook": false,
              "skipped": false
            }
          ],
          "suites": [],
          "passes": [
            "1886ebdd-86e2-48fa-acc2-6816cf0c3a47",
            "085930e9-931c-4162-9a7c-ad348eea28ad",
            "031fa864-59a7-445e-b431-c6b63821abc0"
          ],
          "failures": [],
          "pending": [],
          "skipped": [],
          "duration": 47,
          "root": false,
          "rootEmpty": false,
          "_timeout": 2000
        }
      ],
      "passes": [],
      "failures": [],
      "pending": [],
      "skipped": [],
      "duration": 0,
      "root": true,
      "rootEmpty": true,
      "_timeout": 2000
    },
    {
      "uuid": "b5b7ec81-ee43-407c-98dd-474bc010f044",
      "title": "",
      "fullFile": "cypress\\integration\\TestCases\\TC11_HooksConduit.spec.cy.js",
      "file": "cypress\\integration\\TestCases\\TC11_HooksConduit.spec.cy.js",
      "beforeHooks": [],
      "afterHooks": [],
      "tests": [],
      "suites": [
        {
          "uuid": "f08ac79e-afc9-4bfa-bbb7-f066e0558ae9",
          "title": "Hooks Conduit",
          "fullFile": "",
          "file": "",
          "beforeHooks": [],
          "afterHooks": [],
          "tests": [
            {
              "title": "Create new post",
              "fullTitle": "Hooks Conduit Create new post",
              "timedOut": null,
              "duration": 8470,
              "state": "passed",
              "speed": "medium",
              "pass": true,
              "fail": false,
              "pending": false,
              "context": null,
              "code": "cy.contains('New Post').click();\ncy.get('input[placeholder=\"Article Title\"]').type('Demo Post LLB');\ncy.get('input[placeholder=\"What\\'s this article about?\"]').type('Demo Post for testing');\ncy.get('textarea[placeholder=\"Write your article (in markdown)\"]').type('This is a Demo post for testing');\ncy.get('input[placeholder=\"Enter tags\"]').type('Demo');\ncy.get('button[type=\"button\"]').click();\ncy.wait(2000);",
              "err": {},
              "uuid": "a5f6eaad-ef7d-4827-80d7-dd4ea6c9d1e3",
              "parentUUID": "f08ac79e-afc9-4bfa-bbb7-f066e0558ae9",
              "isHook": false,
              "skipped": false
            },
            {
              "title": "Verify newly created post",
              "fullTitle": "Hooks Conduit Verify newly created post",
              "timedOut": null,
              "duration": 7764,
              "state": "passed",
              "speed": "medium",
              "pass": true,
              "fail": false,
              "pending": false,
              "context": null,
              "code": "cy.contains('Global Feed').click();\ncy.get('.article-preview:nth-child(1)').should('contain', 'Demo Post LLB');\ncy.get('.article-preview:nth-child(1)').should('contain', 'Demo Post LLB').click();\ncy.get('button').contains('Delete Article').click();",
              "err": {},
              "uuid": "ae9993e4-fb78-43c7-881a-5a57d6160f8d",
              "parentUUID": "f08ac79e-afc9-4bfa-bbb7-f066e0558ae9",
              "isHook": false,
              "skipped": false
            }
          ],
          "suites": [],
          "passes": [
            "a5f6eaad-ef7d-4827-80d7-dd4ea6c9d1e3",
            "ae9993e4-fb78-43c7-881a-5a57d6160f8d"
          ],
          "failures": [],
          "pending": [],
          "skipped": [],
          "duration": 16234,
          "root": false,
          "rootEmpty": false,
          "_timeout": 2000
        }
      ],
      "passes": [],
      "failures": [],
      "pending": [],
      "skipped": [],
      "duration": 0,
      "root": true,
      "rootEmpty": true,
      "_timeout": 2000
    },
    {
      "uuid": "8df0dd78-b2f0-4593-ba80-96e951a87070",
      "title": "",
      "fullFile": "cypress\\integration\\TestCases\\TC12_FixturesTest.spec.cy.js",
      "file": "cypress\\integration\\TestCases\\TC12_FixturesTest.spec.cy.js",
      "beforeHooks": [],
      "afterHooks": [],
      "tests": [],
      "suites": [
        {
          "uuid": "8edb793e-e7d6-4003-9559-c36fa37682df",
          "title": "Fixtures test",
          "fullFile": "",
          "file": "",
          "beforeHooks": [],
          "afterHooks": [],
          "tests": [
            {
              "title": "Conduit - Valid Credentials",
              "fullTitle": "Fixtures test Conduit - Valid Credentials",
              "timedOut": null,
              "duration": 4896,
              "state": "passed",
              "speed": "fast",
              "pass": true,
              "fail": false,
              "pending": false,
              "context": null,
              "code": "cy.visit('/');\ncy.contains('Sign in').click();\ncy.get('input[type=\"email\"]').type(this.data.email);\ncy.get('input[type=\"password\"]').type(this.data.password);\ncy.get('button[type=\"submit\"]').click();\ncy.contains('Settings').click();\ncy.contains('Or click here to logout.').click();",
              "err": {},
              "uuid": "886aa4eb-41af-46bb-a871-3082665c3f09",
              "parentUUID": "8edb793e-e7d6-4003-9559-c36fa37682df",
              "isHook": false,
              "skipped": false
            },
            {
              "title": "Conduit - Invalid Credentials",
              "fullTitle": "Fixtures test Conduit - Invalid Credentials",
              "timedOut": null,
              "duration": 1624,
              "state": "passed",
              "speed": "fast",
              "pass": true,
              "fail": false,
              "pending": false,
              "context": null,
              "code": "cy.visit('/');\ncy.contains('Sign in').click();\ncy.get('input[type=\"email\"]').type(this.data.email);\ncy.get('input[type=\"password\"]').type(this.data.passwordWrong);\ncy.get('button[type=\"submit\"]').click();\ncy.get('.error-messages').should('contain', 'email or password is invalid');",
              "err": {},
              "uuid": "2e0c444b-05f8-48dc-90b1-c6d93e2cfdbf",
              "parentUUID": "8edb793e-e7d6-4003-9559-c36fa37682df",
              "isHook": false,
              "skipped": false
            }
          ],
          "suites": [],
          "passes": [
            "886aa4eb-41af-46bb-a871-3082665c3f09",
            "2e0c444b-05f8-48dc-90b1-c6d93e2cfdbf"
          ],
          "failures": [],
          "pending": [],
          "skipped": [],
          "duration": 6520,
          "root": false,
          "rootEmpty": false,
          "_timeout": 2000
        }
      ],
      "passes": [],
      "failures": [],
      "pending": [],
      "skipped": [],
      "duration": 0,
      "root": true,
      "rootEmpty": true,
      "_timeout": 2000
    },
    {
      "uuid": "455579d8-565d-4bc2-a5b9-e0dd54b6bc4d",
      "title": "",
      "fullFile": "cypress\\integration\\TestCases\\TC13_ReadExcel.spec.cy.js",
      "file": "cypress\\integration\\TestCases\\TC13_ReadExcel.spec.cy.js",
      "beforeHooks": [],
      "afterHooks": [],
      "tests": [],
      "suites": [
        {
          "uuid": "bcdbccda-4edf-417b-b25a-e91338c4b1a5",
          "title": "Excel test",
          "fullFile": "",
          "file": "",
          "beforeHooks": [],
          "afterHooks": [],
          "tests": [
            {
              "title": "Conduit - Valid Credentials",
              "fullTitle": "Excel test Conduit - Valid Credentials",
              "timedOut": null,
              "duration": 4245,
              "state": "passed",
              "speed": "fast",
              "pass": true,
              "fail": false,
              "pending": false,
              "context": null,
              "code": "cy.visit('/');\ncy.contains('Sign in').click();\ncy.get('input[type=\"email\"]').type(data[0].username);\ncy.get('input[type=\"password\"]').type(data[0].password);\ncy.get('button[type=\"submit\"]').click();\ncy.contains('Settings').click();\ncy.contains('Or click here to logout.').click();",
              "err": {},
              "uuid": "86a1aee9-958e-44cb-ab51-ee390fbb45b9",
              "parentUUID": "bcdbccda-4edf-417b-b25a-e91338c4b1a5",
              "isHook": false,
              "skipped": false
            },
            {
              "title": "Conduit - Invalid Credentials",
              "fullTitle": "Excel test Conduit - Invalid Credentials",
              "timedOut": null,
              "duration": 1579,
              "state": "passed",
              "speed": "fast",
              "pass": true,
              "fail": false,
              "pending": false,
              "context": null,
              "code": "cy.visit('/');\ncy.contains('Sign in').click();\ncy.get('input[type=\"email\"]').type(data[1].username);\ncy.get('input[type=\"password\"]').type(data[1].password);\ncy.get('button[type=\"submit\"]').click();\ncy.get('.error-messages').should('contain', 'email or password is invalid');",
              "err": {},
              "uuid": "cceb5809-ad9d-42a7-8e29-1a39c250157a",
              "parentUUID": "bcdbccda-4edf-417b-b25a-e91338c4b1a5",
              "isHook": false,
              "skipped": false
            }
          ],
          "suites": [],
          "passes": [
            "86a1aee9-958e-44cb-ab51-ee390fbb45b9",
            "cceb5809-ad9d-42a7-8e29-1a39c250157a"
          ],
          "failures": [],
          "pending": [],
          "skipped": [],
          "duration": 5824,
          "root": false,
          "rootEmpty": false,
          "_timeout": 2000
        }
      ],
      "passes": [],
      "failures": [],
      "pending": [],
      "skipped": [],
      "duration": 0,
      "root": true,
      "rootEmpty": true,
      "_timeout": 2000
    },
    {
      "uuid": "3d9d4eef-90ed-4583-b113-20223579e508",
      "title": "",
      "fullFile": "cypress\\integration\\TestCases\\TC14_ReadCsv.spec.cy.js",
      "file": "cypress\\integration\\TestCases\\TC14_ReadCsv.spec.cy.js",
      "beforeHooks": [],
      "afterHooks": [],
      "tests": [],
      "suites": [
        {
          "uuid": "5d44c1c0-7c32-4a87-a3af-c54678ee43fb",
          "title": "Csv test",
          "fullFile": "",
          "file": "",
          "beforeHooks": [],
          "afterHooks": [],
          "tests": [
            {
              "title": "Conduit - Valid Credentials",
              "fullTitle": "Csv test Conduit - Valid Credentials",
              "timedOut": null,
              "duration": 4893,
              "state": "passed",
              "speed": "fast",
              "pass": true,
              "fail": false,
              "pending": false,
              "context": null,
              "code": "cy.visit('/');\ncy.contains('Sign in').click();\ncy.get('input[type=\"email\"]').type(table[0].username);\ncy.get('input[type=\"password\"]').type(table[0].password);\ncy.get('button[type=\"submit\"]').click();\ncy.contains('Settings').click();\ncy.contains('Or click here to logout.').click();",
              "err": {},
              "uuid": "4cc24d1f-be30-4fae-9d5e-25a29d83a4f5",
              "parentUUID": "5d44c1c0-7c32-4a87-a3af-c54678ee43fb",
              "isHook": false,
              "skipped": false
            },
            {
              "title": "Conduit - Invalid Credentials",
              "fullTitle": "Csv test Conduit - Invalid Credentials",
              "timedOut": null,
              "duration": 1680,
              "state": "passed",
              "speed": "fast",
              "pass": true,
              "fail": false,
              "pending": false,
              "context": null,
              "code": "cy.visit('/');\ncy.contains('Sign in').click();\ncy.get('input[type=\"email\"]').type(table[1].username);\ncy.get('input[type=\"password\"]').type(table[1].password);\ncy.get('button[type=\"submit\"]').click();\ncy.get('.error-messages').should('contain', 'email or password is invalid');",
              "err": {},
              "uuid": "138968fd-7898-4777-bc2d-6a729c8e7e3d",
              "parentUUID": "5d44c1c0-7c32-4a87-a3af-c54678ee43fb",
              "isHook": false,
              "skipped": false
            }
          ],
          "suites": [],
          "passes": [
            "4cc24d1f-be30-4fae-9d5e-25a29d83a4f5",
            "138968fd-7898-4777-bc2d-6a729c8e7e3d"
          ],
          "failures": [],
          "pending": [],
          "skipped": [],
          "duration": 6573,
          "root": false,
          "rootEmpty": false,
          "_timeout": 2000
        }
      ],
      "passes": [],
      "failures": [],
      "pending": [],
      "skipped": [],
      "duration": 0,
      "root": true,
      "rootEmpty": true,
      "_timeout": 2000
    },
    {
      "uuid": "ef6f3f03-8734-4c0c-81b3-9db2a23cf118",
      "title": "",
      "fullFile": "cypress\\integration\\TestCases\\TC15_CustomCommands.spec.cy.js",
      "file": "cypress\\integration\\TestCases\\TC15_CustomCommands.spec.cy.js",
      "beforeHooks": [],
      "afterHooks": [],
      "tests": [],
      "suites": [
        {
          "uuid": "73bb2fcb-d36c-4ba3-82c8-5e0d8255fcbe",
          "title": "Fixtures test",
          "fullFile": "",
          "file": "",
          "beforeHooks": [],
          "afterHooks": [],
          "tests": [
            {
              "title": "Conduit - Valid Credentials",
              "fullTitle": "Fixtures test Conduit - Valid Credentials",
              "timedOut": null,
              "duration": 4924,
              "state": "passed",
              "speed": "fast",
              "pass": true,
              "fail": false,
              "pending": false,
              "context": null,
              "code": "cy.conduitLogin(this.data.email, this.data.password);\ncy.contains('Settings').click();\ncy.contains('Or click here to logout.').click();",
              "err": {},
              "uuid": "56810d0a-b579-4e5c-828e-375843eb0745",
              "parentUUID": "73bb2fcb-d36c-4ba3-82c8-5e0d8255fcbe",
              "isHook": false,
              "skipped": false
            },
            {
              "title": "Conduit - Invalid Credentials",
              "fullTitle": "Fixtures test Conduit - Invalid Credentials",
              "timedOut": null,
              "duration": 1859,
              "state": "passed",
              "speed": "fast",
              "pass": true,
              "fail": false,
              "pending": false,
              "context": null,
              "code": "cy.conduitLogin(this.data.email, this.data.passwordWrong);\ncy.get('.error-messages').should('contain', 'email or password is invalid');",
              "err": {},
              "uuid": "7028ecab-b021-4d32-8eb8-147884d39cad",
              "parentUUID": "73bb2fcb-d36c-4ba3-82c8-5e0d8255fcbe",
              "isHook": false,
              "skipped": false
            }
          ],
          "suites": [],
          "passes": [
            "56810d0a-b579-4e5c-828e-375843eb0745",
            "7028ecab-b021-4d32-8eb8-147884d39cad"
          ],
          "failures": [],
          "pending": [],
          "skipped": [],
          "duration": 6783,
          "root": false,
          "rootEmpty": false,
          "_timeout": 2000
        }
      ],
      "passes": [],
      "failures": [],
      "pending": [],
      "skipped": [],
      "duration": 0,
      "root": true,
      "rootEmpty": true,
      "_timeout": 2000
    },
    {
      "uuid": "8d61272f-ee1a-43ec-8b5d-955c4b735928",
      "title": "",
      "fullFile": "cypress\\integration\\TestCases\\TC16_POM.spec.cy.js",
      "file": "cypress\\integration\\TestCases\\TC16_POM.spec.cy.js",
      "beforeHooks": [],
      "afterHooks": [],
      "tests": [],
      "suites": [
        {
          "uuid": "ea197a47-da59-4617-bd97-b15fb510d68f",
          "title": "POM Test",
          "fullFile": "",
          "file": "",
          "beforeHooks": [],
          "afterHooks": [],
          "tests": [
            {
              "title": "Conduit Login using POM",
              "fullTitle": "POM Test Conduit Login using POM",
              "timedOut": null,
              "duration": 4991,
              "state": "passed",
              "speed": "fast",
              "pass": true,
              "fail": false,
              "pending": false,
              "context": null,
              "code": "cy.visit('/');\nlandingPage.clickSigninButton();\nloginPage.enterEmail(this.data.email);\nloginPage.enterPassword(this.data.password);\nloginPage.clickSigninButton();\nhomePage.checkYourFeedIsVisible();\nhomePage.clickSettingsButton();\nsettingsPage.clickLogoutButton();",
              "err": {},
              "uuid": "13c3f804-452d-4a7c-839e-0020f994d6cf",
              "parentUUID": "ea197a47-da59-4617-bd97-b15fb510d68f",
              "isHook": false,
              "skipped": false
            }
          ],
          "suites": [],
          "passes": [
            "13c3f804-452d-4a7c-839e-0020f994d6cf"
          ],
          "failures": [],
          "pending": [],
          "skipped": [],
          "duration": 4991,
          "root": false,
          "rootEmpty": false,
          "_timeout": 2000
        }
      ],
      "passes": [],
      "failures": [],
      "pending": [],
      "skipped": [],
      "duration": 0,
      "root": true,
      "rootEmpty": true,
      "_timeout": 2000
    },
    {
      "uuid": "4abaaf10-7c51-4f8c-8563-f32d4e320ed0",
      "title": "",
      "fullFile": "cypress\\integration\\TestCases\\TC17_APITesting.spec.cy.js",
      "file": "cypress\\integration\\TestCases\\TC17_APITesting.spec.cy.js",
      "beforeHooks": [],
      "afterHooks": [],
      "tests": [],
      "suites": [
        {
          "uuid": "b154e5d8-0ebc-4d25-8191-1e2901c6b577",
          "title": "API testing",
          "fullFile": "",
          "file": "",
          "beforeHooks": [],
          "afterHooks": [],
          "tests": [
            {
              "title": "DELETE Method",
              "fullTitle": "API testing DELETE Method",
              "timedOut": null,
              "duration": 254,
              "state": "passed",
              "speed": "fast",
              "pass": true,
              "fail": false,
              "pending": false,
              "context": null,
              "code": "cy.request('DELETE', 'https://reqres.in/api/users/2').then(response => {\n  expect(response.status).equal(204);\n});",
              "err": {},
              "uuid": "105de802-535f-45da-9f1f-aee9fc7203f6",
              "parentUUID": "b154e5d8-0ebc-4d25-8191-1e2901c6b577",
              "isHook": false,
              "skipped": false
            }
          ],
          "suites": [],
          "passes": [
            "105de802-535f-45da-9f1f-aee9fc7203f6"
          ],
          "failures": [],
          "pending": [],
          "skipped": [],
          "duration": 254,
          "root": false,
          "rootEmpty": false,
          "_timeout": 2000
        }
      ],
      "passes": [],
      "failures": [],
      "pending": [],
      "skipped": [],
      "duration": 0,
      "root": true,
      "rootEmpty": true,
      "_timeout": 2000
    },
    {
      "uuid": "b26a2929-257d-4f7f-a5b3-4c43c17510b6",
      "title": "",
      "fullFile": "cypress\\integration\\TestCases\\TC18_Mock.spec.cy.js",
      "file": "cypress\\integration\\TestCases\\TC18_Mock.spec.cy.js",
      "beforeHooks": [],
      "afterHooks": [],
      "tests": [],
      "suites": [
        {
          "uuid": "88f68e0c-a80b-45d2-abb9-2d0c94d06bcd",
          "title": "Mock Testing",
          "fullFile": "",
          "file": "",
          "beforeHooks": [],
          "afterHooks": [],
          "tests": [
            {
              "title": "Tag Mock",
              "fullTitle": "Mock Testing Tag Mock",
              "timedOut": null,
              "duration": 5341,
              "state": "passed",
              "speed": "medium",
              "pass": true,
              "fail": false,
              "pending": false,
              "context": null,
              "code": "cy.intercept('GET', '/api/tags', {\n  fixture: 'Tags.json'\n});\ncy.contains('Your Feed').should('be.visible');\ncy.get('.tag-list').should('contain', 'cypress').and('contain', 'udemy').and('contain', 'course');",
              "err": {},
              "uuid": "c0717626-d5cc-424d-b7e1-07eb7a6643b4",
              "parentUUID": "88f68e0c-a80b-45d2-abb9-2d0c94d06bcd",
              "isHook": false,
              "skipped": false
            },
            {
              "title": "Article Mock",
              "fullTitle": "Mock Testing Article Mock",
              "timedOut": null,
              "duration": 3600,
              "state": "passed",
              "speed": "fast",
              "pass": true,
              "fail": false,
              "pending": false,
              "context": null,
              "code": "cy.intercept('GET', '/api/articles/*', {\n  fixture: 'Article.json'\n});\ncy.contains('Your Feed').should('be.visible');\ncy.contains('Global Feed').click();\ncy.get('.col-md-9').should('contain', 'Demo Mock Cypress');",
              "err": {},
              "uuid": "63a7ccb6-dd2b-4356-91aa-337f34405396",
              "parentUUID": "88f68e0c-a80b-45d2-abb9-2d0c94d06bcd",
              "isHook": false,
              "skipped": false
            },
            {
              "title": "Login User Mock",
              "fullTitle": "Mock Testing Login User Mock",
              "timedOut": null,
              "duration": 1413,
              "state": "passed",
              "speed": "fast",
              "pass": true,
              "fail": false,
              "pending": false,
              "context": null,
              "code": "cy.intercept('POST', '/api/users/login', {\n  fixture: 'Login.json'\n});\ncy.get('a[href^=\"#@\"]').should('contain', 'Lamri-Laib-Student');",
              "err": {},
              "uuid": "61008968-cfc6-4787-80d8-9c683d2de225",
              "parentUUID": "88f68e0c-a80b-45d2-abb9-2d0c94d06bcd",
              "isHook": false,
              "skipped": false
            }
          ],
          "suites": [],
          "passes": [
            "c0717626-d5cc-424d-b7e1-07eb7a6643b4",
            "63a7ccb6-dd2b-4356-91aa-337f34405396",
            "61008968-cfc6-4787-80d8-9c683d2de225"
          ],
          "failures": [],
          "pending": [],
          "skipped": [],
          "duration": 10354,
          "root": false,
          "rootEmpty": false,
          "_timeout": 2000
        }
      ],
      "passes": [],
      "failures": [],
      "pending": [],
      "skipped": [],
      "duration": 0,
      "root": true,
      "rootEmpty": true,
      "_timeout": 2000
    },
    {
      "uuid": "92995e98-c589-483f-81f0-334ee97a9537",
      "title": "",
      "fullFile": "cypress\\integration\\smoke\\TC01_FirstScript.spec.cy.js",
      "file": "cypress\\integration\\smoke\\TC01_FirstScript.spec.cy.js",
      "beforeHooks": [],
      "afterHooks": [],
      "tests": [],
      "suites": [
        {
          "uuid": "66353469-69e5-4dce-a8ed-a50eb45ce8f8",
          "title": "Login Functionality",
          "fullFile": "",
          "file": "",
          "beforeHooks": [],
          "afterHooks": [],
          "tests": [
            {
              "title": "Login test using COnduit",
              "fullTitle": "Login Functionality Login test using COnduit",
              "timedOut": null,
              "duration": 7926,
              "state": "failed",
              "speed": null,
              "pass": false,
              "fail": true,
              "pending": false,
              "context": "\"assets/TC01_FirstScript.spec.cy.js/Login Functionality -- Login test using COnduit (failed).png\"",
              "code": "cy.visit('/');\ncy.get('a[href=\"#logis\"]').click();\ncy.get('input[placeholder=\"Email\"]').type('cypressdemo@gmail.com');\ncy.get('input[placeholder=\"Password\"]').type('cypressdemo');\ncy.get('form').submit(); // or button[type='submit']\ncy.get('a[href=\"#settings\"]').click();\ncy.get('button').contains('Or click here to logout.').click();",
              "err": {
                "message": "AssertionError: Timed out retrying after 4000ms: Expected to find element: `a[href=\"#logis\"]`, but never found it.",
                "estack": "AssertionError: Timed out retrying after 4000ms: Expected to find element: `a[href=\"#logis\"]`, but never found it.\n    at Context.eval (webpack://cypress-udemy-course/./cypress/integration/smoke/TC01_FirstScript.spec.cy.js:7:15)",
                "diff": null
              },
              "uuid": "edd5aacf-5edc-46d2-b075-69d347f65e67",
              "parentUUID": "66353469-69e5-4dce-a8ed-a50eb45ce8f8",
              "isHook": false,
              "skipped": false
            }
          ],
          "suites": [],
          "passes": [],
          "failures": [
            "edd5aacf-5edc-46d2-b075-69d347f65e67"
          ],
          "pending": [],
          "skipped": [],
          "duration": 7926,
          "root": false,
          "rootEmpty": false,
          "_timeout": 2000
        }
      ],
      "passes": [],
      "failures": [],
      "pending": [],
      "skipped": [],
      "duration": 0,
      "root": true,
      "rootEmpty": true,
      "_timeout": 2000
    }
  ],
  "meta": {
    "mocha": {
      "version": "7.0.1"
    },
    "mochawesome": {
      "options": {
        "quiet": true,
        "reportFilename": "mochawesome",
        "saveHtml": false,
        "saveJson": true,
        "consoleReporter": "spec",
        "useInlineDiffs": false,
        "code": true
      },
      "version": "7.1.3"
    },
    "marge": {
      "options": {
        "id": "default",
        "reportDir": "cypress/reports/mocha",
        "quiet": true,
        "overwrite": false,
        "html": false,
        "json": true
      },
      "version": "6.2.0"
    }
  }
}